0 68 35 75 77 84 90 99 1 15 2 49 70 3 50 11 8 4 34 46 5 21 43 6 17 67 59 7 18 29 32 23 55 9 64 10 19 24 72 13 45 39 58 16 63 60 47 66 20 22 31 44 25 26 38 28 56 30 33 54 36 41 37 48 52 40 42 65 61 57 69
0 68
0 77
0 35
0 90
0 75
68 13
68 42
68 61
68 63
35 54
75 6
84 18
90 28
99 44
1 15
15 16
15 63
2 70
2 49
70 30
70 25
70 18
3 11
3 8
3 50
11 24
8 32
8 23
8 67
4 34
4 46
34 33
46 30
5 21
5 43
43 36
43 28
6 67
6 17
6 59
17 47
59 29
59 57
59 58
7 18
7 29
23 44
55 54
9 64
64 20
10 19
19 66
19 39
72 58
13 45
39 52
16 60
47 20
47 65
66 56
22 31
31 38
26 38
38 37
38 36
28 56
36 41
37 48
40 42
65 69