0 49 91 60 18 1 34 38 82 28 54 73 47 2 8 11 48 12 84 32 15 64 19 66 41 21 44 65 86 27 30 31 39 72 97 83 46 99 61 71 69 70 7 79 90 14 94 68 89 67 24 6 62 16 20 23 29 37 55 52 76 85 93
0 49
49 91
91 70
60 11
60 84
18 34
18 19
18 1
18 8
1 65
34 99
34 38
38 82
82 28
82 41
82 44
28 54
28 16
54 73
73 47
73 62
47 2
2 66
8 30
11 48
11 31
48 12
48 69
12 44
12 70
84 32
32 15
15 39
64 86
64 72
64 67
19 52
66 20
41 7
21 27
21 71
21 86
44 29
65 23
27 6
30 24
31 55
39 90
39 37
72 97
97 83
83 46
46 94
99 61
61 76
71 68
69 89
7 79
79 93
90 14
90 85
14 94