0 61 63 1 12 8 2 22 51 15 3 36 4 33 14 5 20 6 54 7 27 56 53 9 21 10 11 24 17 64 16 23 38 18 49 19 37 44 25 30 42 59 26 45 28 50 31 43 58 48 65 66 67 68 69 71 72 74 75 76 77 81 82 84 85 88 89 91 92 95 96 97 99 57 32 29 55
0 61
0 63
0 65
0 66
0 67
0 71
0 74
0 75
0 76
0 77
0 81
0 84
0 85
0 88
0 91
0 92
0 95
0 96
0 97
61 3
61 26
63 10
63 25
1 8
1 12
8 51
2 22
2 51
2 15
15 64
3 36
36 31
36 18
4 14
4 33
4 68
33 25
33 19
14 17
5 20
5 69
5 57
20 44
20 25
20 82
20 32
6 54
54 59
7 27
7 53
7 56
56 50
53 9
9 21
21 30
10 72
11 24
24 49
17 23
64 38
16 23
16 38
23 42
18 49
19 37
44 99
25 59
30 59
30 89
59 29
59 55
26 45
45 48
28 50
43 58
43 48