0 1 3 10 5 6 8 9 11 12 13 14 19 20 22 23 24 28 30 35 38 39 43 46 47 48 49 50 51 56 57 60 61 63 64 71 72 74 76 79 80 81 82 83 75 87 65 31 52 70 78 2 4 7 15 16 17 18 21 25 26 27 29 32 33 34 36 40 41 42 45 44 58 84 86 88
0 3
0 1
1 12
3 10
3 11
3 4
10 13
10 2
5 6
5 7
6 9
6 8
8 14
8 28
9 19
11 20
11 18
11 21
12 17
13 14
13 16
14 15
19 45
19 44
20 22
22 23
23 24
23 26
23 27
24 25
28 30
28 29
30 35
30 32
30 33
30 34
35 39
35 50
35 36
38 39
38 31
38 41
43 46
43 40
46 47
47 48
47 56
47 51
48 57
49 50
49 57
50 42
51 52
56 60
56 71
57 58
60 61
61 63
63 64
64 65
71 72
71 70
72 74
74 76
76 87
76 75
79 80
79 78
80 81
81 82
82 83
82 75
83 84
87 86
87 88