0 1 5 6 14 13 12 11 10 15 16 17 18 19 20 21 22 23 29 39 49 48 47 46 45 51 50 40 30 31 38 37 36 41 42 43 44 52 53 54 55 59 60 61 62 63 64 65 66 69 70 80 77 86 85 84 83 82 81 96 95 94 93 92 91 90 2 24 56 97 7 27 32 79 35 73 76 87
0 10
0 1
1 2
5 14
5 6
6 7
14 13
13 12
12 11
11 10
10 20
15 16
15 27
16 17
17 18
18 19
19 29
20 30
20 21
21 22
22 23
23 24
29 39
39 49
39 38
49 48
49 59
48 47
47 46
46 45
45 51
45 44
51 52
50 40
50 60
40 41
40 30
30 31
31 32
38 37
37 36
36 35
41 42
42 43
43 44
52 53
53 54
54 55
55 56
59 69
60 70
60 61
61 62
62 63
63 64
64 65
65 66
66 77
69 79
70 80
80 81
80 90
80 73
77 76
86 85
86 87
85 84
84 83
83 82
82 81
96 95
96 97
95 94
94 93
93 92
92 91
91 90