0 3 4 79 7 44 15 10 53 50 40 89 17 49 38 22 94 24 95 30 27 97 28 29 32 61 62 14 8 92 66 93 74 1 76 6 81 9 13 25 98 37 42 54 55 56 58 63 64 70 72 73 77 80 82 84 85 86 87 88 91 96 99
0 44
0 4
0 89
0 7
0 94
0 79
0 95
0 97
0 92
0 93
0 74
0 76
0 81
0 98
0 77
0 80
0 82
0 84
0 85
0 86
0 87
0 88
0 91
0 96
0 99
3 50
3 1
3 63
4 30
4 37
4 58
79 6
7 42
44 15
44 53
15 9
15 64
10 62
10 61
10 66
53 50
53 14
50 40
40 13
89 17
17 49
17 32
17 70
49 8
38 62
38 22
22 72
94 24
24 55
95 25
30 27
27 54
97 28
28 56
29 61
29 32
14 73