0 2 3 30 13 94 74 16 76 58 87 90 32 91 95 42 43 89 31 50 6 61 59 11 28 71 73 37 77 78 79 25 66 7 88 12 75 18 80 29 33 35 38 99 45 46 49 62 65 67 68 69 70 72 81 82 85 93 96 97 98 9
0 13
0 42
0 94
0 74
0 90
0 87
0 91
0 95
0 76
0 89
0 71
0 73
0 77
0 78
0 79
0 66
0 88
0 75
0 80
0 35
0 99
0 46
0 65
0 67
0 68
0 69
0 70
0 72
0 81
0 82
0 85
0 93
0 96
0 97
0 98
2 11
2 3
3 30
30 43
30 7
13 12
94 37
74 16
16 58
76 18
58 25
87 29
90 32
32 49
91 33
95 38
42 50
42 62
43 59
89 31
31 45
50 6
50 9
6 61
61 59
11 28