0 27 65 13 60 29 1 47 32 2 37 4 7 48 59 11 66 72 15 77 17 84 19 82 40 75 86 20 24 98 25 61 69 70 79 18 95 38 97 43 26 30 36 78 83 62 12 14 33 91 23 87 64 6 46 53 63 80 3
0 27
0 26
0 25
27 65
27 98
65 13
13 66
13 64
60 29
60 11
29 1
1 30
47 7
47 32
47 53
32 2
2 33
37 4
37 91
4 38
7 48
7 46
48 61
59 11
59 78
66 43
72 15
72 77
15 70
77 17
17 78
84 19
84 79
19 82
19 83
82 40
40 75
75 86
86 20
20 87
24 98
24 97
25 78
61 26
61 12
61 63
69 70
69 14
79 18
18 80
95 62
95 23
38 97
43 6
26 83
30 36
36 3
62 12