0 2 4 38 23 12 78 14 9 66 59 57 36 92 35 28 30 33 95 51 8 48 62 37 64 67 76 20 26 69 7 15 84 18 25 87 31 32 34 39 42 43 44 52 54 58 60 65 74 70 71 72 75 77 79 80 83 88 89 90 91 93 94 97 98 99 6
0 36
0 38
0 92
0 95
0 78
0 76
0 69
0 84
0 87
0 32
0 34
0 74
0 70
0 71
0 72
0 75
0 77
0 79
0 80
0 83
0 88
0 89
0 90
0 91
0 94
0 97
0 98
0 99
2 30
2 67
4 37
4 48
38 64
38 7
38 25
38 65
23 12
23 26
12 28
78 14
14 9
9 66
66 59
59 57
59 15
57 62
57 52
36 51
36 18
36 31
36 42
36 93
36 6
92 35
35 33
28 37
28 54
30 44
33 67
95 39
51 43
51 60
8 48
8 20
48 62
64 58