2 65 45 49 4 1 5 93 92 7 71 15 82 81 9 44 11 88 89 77 76 12 14 18 74 21 3 51 24 0 26 46 73 28 60 59 30 70 31 33 36 62 35 39 38 40 42 86 47 16 53 87 56 64 63 66 54 75 50 85 90 61 68 67 48 8 22 37 69 6 55 94 32 34 78 79 84 43 27 91 13 23 29 41 17 19 20 72 80 10 52 83 57 25 58
2 88
2 65
2 93
2 1
2 3
65 45
45 49
45 16
45 44
49 0
4 54
4 61
4 87
1 5
5 74
5 78
93 71
92 7
7 36
71 15
15 90
15 39
15 82
82 64
81 9
81 18
81 79
9 32
9 13
44 11
11 34
11 18
11 52
11 23
89 77
89 55
89 23
77 80
76 12
12 8
14 42
14 67
74 21
21 33
3 51
51 60
51 24
24 48
24 83
0 26
26 41
26 91
26 27
46 73
73 84
73 28
28 31
60 86
59 30
30 32
30 8
70 22
70 31
70 19
70 42
31 72
33 69
36 62
36 43
62 35
35 40
35 58
39 38
40 42
40 17
42 69
86 47
47 37
16 53
53 61
87 56
56 20
64 6
63 27
66 41
54 75
54 94
75 68
50 85
50 84
85 25
90 57
90 10
29 41