0 70 68 2 64 17 71 46 87 1 58 20 36 37 39 31 55 40 49 54 23 9 11 14 16 48 81 52 83 27 21 22 74 26 42 29 67 78 13 57 75 77 92 82 90 79 45 4 7 10 15 19 43 34 44 47 50 51 53 60 61 65 69 73 80 85 86 89 95 96
0 70
0 58
0 54
70 49
70 68
68 2
2 64
64 22
64 17
64 77
17 71
71 46
46 87
46 86
87 1
1 40
58 11
58 92
58 20
58 34
20 36
20 52
36 16
36 37
36 90
37 39
39 31
31 55
55 48
55 50
40 4
40 47
49 67
49 7
54 23
23 9
23 29
23 65
9 14
9 79
11 74
11 10
14 15
14 51
16 53
16 61
48 81
81 19
52 83
83 27
27 21
21 69
22 78
22 82
74 26
74 73
26 43
42 29
42 45
67 44
78 75
78 13
13 57
57 95
75 60
77 85
77 89
92 80
82 96