0 18 70 3 75 6 59 29 7 67 8 68 13 63 15 85 90 28 30 46 4 35 95 38 42 94 36 17 47 58 20 23 79 86 87 61 54 2 74 11 16 19 34 37 39 40 41 43 45 83 78 65 72 73 77 80 81 82 88 89 91 92 93 96 97 98
0 68
0 35
0 90
0 75
0 94
0 95
0 85
0 79
0 86
0 87
0 74
0 83
0 78
0 73
0 77
0 80
0 81
0 82
0 88
0 89
0 91
0 92
0 93
0 96
0 97
0 98
18 7
18 70
70 30
70 2
3 8
3 11
75 6
6 67
6 17
6 59
59 29
59 58
29 7
67 8
8 23
68 13
68 42
68 63
68 61
13 39
13 45
63 15
15 16
85 19
90 28
28 43
30 46
46 4
4 34
35 54
95 38
38 37
42 40
94 36
36 41
17 47
47 20
47 65
58 72