0 28 13 36 7 26 64 42 80 98 49 43 57 46 24 79 94 41 9 14 77 61 59 48 52 29 85 73 86 91 68 32 10 25 72 97 39 90 83 16 81 6 44 89 15 37 19 75 1 69 17 54 4 23 70 51 74 20 92 84 55 56 21 3 60 82 27 93 76 38 88 95
0 37
28 23
28 70
13 83
36 9
36 23
36 74
36 84
36 56
7 26
7 4
26 89
64 52
64 23
42 24
80 98
98 49
49 43
43 81
43 44
43 57
46 48
24 6
24 79
94 1
94 68
41 39
41 9
9 4
14 6
14 83
14 82
77 69
61 59
59 4
59 27
48 23
52 29
29 90
85 23
85 21
73 86
86 17
91 25
32 44
10 23
10 93
25 23
25 76
72 97
72 75
90 19
83 38
16 23
81 19
6 23
6 17
6 20
15 69
15 23
37 19
75 23
75 1
17 92
17 3
54 23
4 60
23 51
23 55
23 88
23 95