0 26 63 1 30 3 47 2 43 25 23 4 8 38 7 6 48 12 33 9 27 49 10 20 11 31 60 16 32 14 44 15 41 37 29 17 18 56 57 22 53 59 35 40 36 42 62 64 65 70 72 74 76 77 78 80 82 86 88 89 92 93 94 97 98 99 58 55 54
0 26
0 63
0 62
0 64
0 70
0 72
0 74
0 76
0 77
0 78
0 80
0 82
0 86
0 88
0 89
0 92
0 93
0 94
0 97
0 99
26 53
26 3
26 55
63 4
1 47
1 3
1 30
30 35
3 25
3 23
47 56
2 43
43 31
43 15
25 10
23 18
4 38
4 8
8 33
38 6
7 12
6 48
6 65
48 17
48 54
12 16
9 27
9 49
49 56
10 20
11 60
11 31
31 40
60 17
16 29
16 37
32 18
32 22
32 44
14 44
15 41
41 57
29 59
18 58
53 98
59 42
59 36
40 36