1 28 79 78 69 35 14 68 40 5 25 0 52 55 10 74 16 56 18 81 88 21 89 92 26 97 24 33 7 47 90 51 8 49 50 86 20 85 41 30 44 82 29 64 98 99 42 70 38 2 3 9 13 19 6 75 80 22 48 46 63
1 30
1 29
1 28
28 79
79 18
78 69
78 56
69 14
69 35
35 3
14 68
68 40
40 5
5 41
5 42
25 0
25 52
0 26
52 9
55 10
55 33
10 56
74 16
74 89
16 75
18 81
18 80
81 88
88 21
21 90
21 89
89 92
92 22
26 97
97 24
24 99
24 98
33 2
7 47
7 48
7 46
47 86
90 51
51 8
8 50
8 49
49 70
49 38
50 86
50 44
86 20
20 85
85 41
85 63
30 99
44 6
82 29
82 19
64 98
64 13