0 9 13 14 16 25 52 54 57 65 66 72 76 80 81 88 89 1 10 15 19 28 31 35 38 49 50 63 64 68 82 98 7 32 40 41 48 60 62 73 47 85 93 27 79 83 11 20 37 61 69 24 86 92 99 29 18 21 55 67 4 22 23 44 70 96 5 17 34 56
0 81
0 65
9 11
13 66
14 85
14 86
14 28
16 63
16 60
25 11
52 49
52 10
54 83
54 82
57 99
65 29
65 47
66 11
72 61
72 41
72 73
76 1
76 60
76 37
80 18
80 28
81 17
88 32
88 20
89 99
89 1
1 68
1 35
10 79
15 38
15 48
15 69
19 47
19 4
19 56
31 61
31 22
35 93
38 47
38 98
49 11
50 63
64 27
64 73
64 23
82 37
82 92
98 40
7 92
41 47
41 79
41 70
48 24
48 85
62 92
73 44
47 21
27 92
79 96
79 34
20 86
61 5
24 55
24 67