0 1 3 4 6 7 9 10 11 12 14 16 20 23 24 26 27 30 33 34 37 38 39 40 41 42 43 45 46 49 50 54 55 56 57 59 60 64 65 68 69 71 75 76 79 83 84 85 88 89 90 92 93 94 95 97 98 25 31 35 51 53 58 61 63 67 72 77 78 86 87
0 24
0 41
1 16
1 43
3 54
3 10
4 39
4 20
6 55
6 39
6 49
7 37
9 89
10 33
10 42
10 27
10 68
10 23
10 77
11 16
11 30
11 69
12 94
12 64
12 35
14 79
14 46
20 45
20 59
20 61
23 94
24 59
26 42
26 31
27 86
30 46
33 65
33 58
33 72
34 76
34 88
34 43
37 92
37 50
38 59
39 98
40 95
40 79
40 78
43 93
45 50
45 94
45 87
46 89
46 51
49 84
50 57
56 93
60 85
60 53
65 79
68 63
71 90
71 75
75 88
79 25
79 67
83 92
85 94
97 98