0 86 83 81 35 24 67 89 72 88 34 14 99 3 78 39 5 4 92 77 17 94 43 13 42 27 61 6 58 20 8 51 16 21 38 32 90 98 53 66 75 29 74 93 97 33 87 63 37 79 50 59 64 7 23 1 52 30 49 28 68 11 15 36 41 82 69 57
0 81
86 38
83 5
81 99
81 39
81 87
35 50
24 77
24 43
67 78
67 59
67 11
89 64
89 94
72 74
72 51
72 1
88 16
88 13
34 58
34 43
14 27
14 61
99 21
3 39
78 38
78 29
78 15
78 82
39 93
5 42
4 17
4 94
92 27
77 90
77 27
77 49
94 20
94 23
43 21
43 6
42 97
20 97
20 98
20 7
8 51
8 16
21 75
21 33
38 97
38 68
38 57
32 37
32 97
90 63
90 50
98 53
98 52
98 36
98 41
53 74
53 69
66 64
29 30
74 63
33 79
63 28