0 26 28 1 66 13 64 62 34 98 37 4 24 97 45 7 49 52 9 53 12 15 67 71 78 17 70 27 40 31 2 33 86 20 21 76 93 22 38 47 48 65 81 18 80 90 5 41 88 29 14 92 3 6 8 89 39 46 54 79 87 94 61
0 27
0 26
26 28
28 1
1 29
66 13
66 90
13 64
13 65
64 62
62 12
62 34
34 3
98 37
98 48
98 24
98 53
37 4
4 38
4 39
24 97
97 45
45 6
7 47
7 48
7 46
49 52
49 8
52 9
9 53
9 54
12 61
15 70
15 71
67 71
67 14
71 78
78 17
17 76
70 27
40 5
40 31
31 2
2 33
33 86
86 20
20 87
21 88
21 90
21 89
76 93
93 22
22 92
38 88
47 41
65 81
81 18
81 94
18 80
18 79
80 29
5 41