0 65 1 62 49 24 31 60 9 10 3 76 56 26 54 20 33 50 64 29 38 61 58 6 69 57 93 97 40 18 21 53 41 84 86 98 83 5 71 13 15 85 89 39 44 74 66 67 68 70 72 75 77 79 81 82 88 90 91 92 95 96 99
0 10
0 65
0 69
0 76
0 93
0 97
0 84
0 86
0 98
0 83
0 71
0 85
0 89
0 74
0 66
0 67
0 68
0 70
0 72
0 75
0 77
0 79
0 81
0 82
0 88
0 90
0 91
0 92
0 95
0 96
0 99
65 1
1 40
62 31
62 49
49 24
24 5
31 60
60 9
9 58
10 3
3 13
76 15
56 26
56 40
56 18
26 54
26 57
54 20
20 33
33 50
50 64
64 29
29 61
29 38
38 21
61 58
6 69
6 53
57 41
93 39
97 44