0 3 4 6 8 9 10 15 16 17 20 21 22 23 25 26 30 32 33 35 37 40 41 42 44 48 49 52 54 57 61 62 63 64 65 66 67 72 73 74 77 79 80 82 88 89 91 92 95 96 97 2 5 7 46 47 55 85 99 11 70 18 28 29 58 59 76 90 98 53 68 56
0 74
0 88
3 17
3 7
4 42
4 63
6 80
6 37
8 32
8 82
9 54
10 35
10 40
15 97
15 72
15 64
16 96
16 88
16 85
17 85
17 41
20 55
20 62
20 54
20 23
21 44
21 89
22 23
22 70
25 46
26 11
30 33
32 52
33 77
35 47
37 99
40 91
42 74
44 99
48 72
48 65
49 82
49 11
52 79
52 98
57 73
57 89
61 95
61 5
62 82
64 95
66 96
66 29
66 59
66 76
67 47
74 2
77 46
77 89
77 91
79 89
79 18
79 58
82 96
88 28
89 90
89 53
92 55
96 68
97 2
99 56