0 1 3 9 12 17 19 23 26 27 33 41 42 48 54 56 59 64 70 71 80 82 84 85 86 87 99 7 11 20 29 37 43 46 53 55 57 60 62 68 78 89 5 10 15 36 38 39 50 69 81 88 92 28 49 51 58 76 77 79 63 18 22 35 52 90 95 32 65
0 84
1 11
3 56
9 46
12 17
12 60
12 78
17 5
17 46
17 42
19 78
19 49
23 53
26 78
27 89
27 86
33 59
41 87
41 71
42 59
48 39
48 15
54 57
54 36
56 51
56 38
64 77
64 69
70 43
70 51
80 89
82 10
84 50
85 46
85 22
86 76
87 37
87 49
99 60
99 62
99 20
99 90
7 5
7 68
7 36
11 55
20 51
29 55
29 15
29 65
37 79
43 58
43 53
53 92
55 77
60 32
62 35
68 63
5 50
5 77
5 18
10 39
36 52
69 76
81 28
88 76
28 76
77 95