28 2 38 26 41 65 25 36 44 59 79 55 29 80 33 15 97 70 5 40 60 69 18 7 32 73 48 50 78 68 42 11 21 90 8 46 30 35 10 57 6 49 9 88 81 64 75 86 94 14 67 13 77 53 92 0 19 23 43 93 83 62 63 4 45 89 51 91
28 53
28 32
2 25
2 81
2 4
38 88
38 93
26 80
41 50
65 8
65 36
65 88
65 10
65 89
25 36
25 5
25 70
44 86
59 33
59 90
79 88
79 49
79 62
55 60
55 51
29 73
80 11
33 21
15 13
97 53
5 11
40 69
60 75
69 35
18 46
18 32
18 78
7 94
7 75
7 63
73 67
73 64
48 57
50 9
78 43
68 10
68 13
68 86
42 30
42 9
42 0
11 90
8 19
8 14
46 94
46 77
30 19
35 9
57 6
6 75
9 92
9 64
88 77
75 45
77 83
77 91
92 23