1 0 63 64 57 55 5 9 11 45 48 19 20 22 87 88 85 89 32 33 81 80 83 84 44 43 37 35 74 70 47 49 53 56 59 58 62 90 91 66 2 4 42 75 86 21 82 26 40 98 31 12 23 29 69 94 99 18 77 8 46 39 41 52
1 0
1 2
63 64
63 11
64 57
57 56
55 5
55 58
5 9
5 8
9 89
11 53
11 12
45 49
45 48
45 46
48 47
48 4
48 19
19 18
20 87
20 22
20 23
22 21
87 88
88 85
85 86
85 89
32 31
32 33
33 49
33 81
81 80
80 83
83 82
83 84
84 44
44 40
44 43
43 37
37 35
35 39
74 70
74 62
70 47
53 52
56 59
56 90
59 58
62 42
90 91
91 66
91 94
66 69
2 4
42 75
75 26
86 77
21 82
26 29
40 41
98 31
98 99