4 8 12 13 14 17 67 81 88 92 89 82 68 69 42 83 70 45 71 0 93 90 84 73 51 25 85 75 54 27 91 86 76 56 28 87 78 79 63 80 64 65 35 66 24 74 29 39 21 31 2 6 40 22 60 32 36 47 46 33 34 37 38 41 43 44 50
4 8
4 2
8 17
12 25
12 24
13 27
13 6
14 28
14 29
17 35
67 81
67 39
67 38
81 66
81 88
88 92
88 80
92 89
92 0
89 82
89 83
82 69
82 68
68 40
68 41
69 42
69 43
42 21
83 70
83 71
70 45
70 44
45 22
71 47
71 46
0 93
93 90
93 91
90 85
90 84
84 73
73 51
73 50
51 25
85 75
85 74
75 54
54 27
91 86
91 87
86 76
76 56
56 28
87 78
87 79
78 60
79 63
63 31
80 65
80 64
64 32
64 33
65 35
65 34
66 36
66 37