0 59 12 53 25 35 69 18 26 77 28 86 40 43 38 36 45 41 50 44 7 5 1 13 70 72 30 81 85 93 55 56 2 57 29 64 14 73 47 48 54 58 60 61 63 65 66 67 68 71 76 78 80 83 84 87 88 89 90 91 92 94 95
0 77
0 59
0 69
0 86
0 70
0 72
0 81
0 85
0 93
0 55
0 56
0 57
0 29
0 64
0 73
0 58
0 60
0 61
0 63
0 65
0 66
0 67
0 68
0 71
0 76
0 78
0 80
0 83
0 84
0 87
0 88
0 89
0 90
0 91
0 92
0 94
0 95
59 5
12 41
12 54
53 25
53 13
25 50
25 35
25 41
35 14
69 18
18 43
18 38
18 30
26 38
26 36
77 28
28 2
86 40
40 7
43 1
36 45
45 41
50 44
44 47
7 48