84 31 49 59 48 50 10 63 62 85 54 11 6 72 23 7 36 41 45 27 46 78 80 40 58 34 38 16 9 15 2 19 56 29 1 13 24 68 28 5 35 77 71 65 82 53 22 20 81 61 18 0 14 43 44 60 67 76 25 51 69 74 55 75 32 12 73
84 9
84 85
84 80
31 58
31 51
31 32
49 50
49 56
59 48
59 60
48 35
50 24
50 74
10 11
10 9
63 62
62 61
54 38
54 53
11 23
11 77
11 25
11 75
11 12
6 34
6 5
6 58
72 71
72 23
72 45
72 67
72 73
23 24
23 7
7 20
36 41
36 22
41 40
45 46
45 44
45 13
27 46
78 16
78 65
80 81
40 24
58 71
58 35
38 9
16 15
15 14
2 1
19 20
19 18
29 28
1 13
1 0
13 14
24 68
68 28
68 69
35 55
77 76
82 81
61 60
43 44