0 60 28 1 32 2 31 36 3 34 37 4 39 40 44 6 43 77 17 55 54 9 10 56 30 47 7 46 65 33 72 73 86 76 19 83 35 91 22 93 82 52 95 21 89 27 51 67 63 11 13 16 5 78 66 15 84 45 48 90 53
0 27
60 28
60 11
28 1
1 30
32 2
32 72
2 33
2 31
31 36
31 43
36 3
3 34
3 35
34 37
37 4
4 39
39 40
40 93
40 5
44 6
44 86
6 43
6 45
43 76
77 17
77 51
17 76
17 78
55 10
55 54
54 9
9 52
10 56
56 95
30 47
47 7
47 76
7 46
7 48
46 65
65 13
33 66
72 15
73 86
73 16
19 83
19 82
19 84
83 27
83 35
35 53
91 22
91 67
22 93
82 89
82 52
95 63
21 89
21 90