0 4 2 1 3 6 7 11 15 13 17 20 29 30 31 32 33 34 35 36 37 38 39 53 58 50 55 56 63 76 78 79 69 85 92 89 80 83 98 86 99 14 40 96 88 5 8 10 12 16 18 19 51 52 54 57 59 60 61 62 64 65 66 67 68 70 71 72 73 74 75 77
0 3
4 6
4 13
4 2
4 19
2 1
2 15
2 18
1 8
1 16
3 11
3 20
3 14
6 7
7 5
11 15
11 10
13 17
13 12
17 76
17 53
20 29
29 30
30 31
31 32
32 33
33 34
34 35
35 36
36 37
37 38
38 39
39 40
53 55
53 58
58 50
58 52
58 64
50 56
50 60
55 63
55 51
55 61
56 54
56 57
56 59
63 62
76 78
78 79
78 65
78 66
78 70
78 71
78 72
78 73
78 74
79 69
79 67
79 68
79 75
79 77
69 85
85 99
85 96
92 89
92 83
89 80
80 98
83 88
98 86
86 99