1 2 3 4 5 6 7 8 9 11 10 13 12 15 14 17 16 19 18 21 20 23 22 25 24 27 26 29 28 31 30 33 32 35 34 37 36 39 38 41 40 43 42 45 44 47 46 49 48 51 50 53 52 55 54 60 61 62 63 64 65 66 67 68 69 70 71 72 73 74 75 76 77 78 79 80 81 82 83 84 85 86 87 88 89 90 91 92 93 94 95 96 97 98 99 56 59
1 99
1 2
2 3
3 4
4 5
5 6
6 7
7 8
8 9
9 10
11 10
11 12
13 14
13 12
15 16
15 14
17 18
17 16
19 20
19 18
21 22
21 20
23 24
23 22
25 24
25 26
27 28
27 26
29 30
29 28
31 32
31 30
33 32
33 34
35 36
35 34
37 38
37 36
39 40
39 38
41 42
41 40
43 44
43 42
45 46
45 44
47 48
47 46
49 50
49 48
51 52
51 50
53 54
53 52
55 54
55 56
60 61
60 59
61 62
62 63
63 64
64 65
65 66
66 67
67 68
68 69
69 70
70 71
71 72
72 73
73 74
74 75
75 76
76 77
77 78
78 79
79 80
80 81
81 82
82 83
83 84
84 85
85 86
86 87
87 88
88 89
89 90
90 91
91 92
92 93
93 94
94 95
95 96
96 97
97 98
98 99