6 7 8 11 12 14 15 18 19 21 22 25 26 28 29 32 33 35 36 39 40 42 43 46 47 49 50 53 54 56 57 60 61 63 64 67 68 70 71 74 75 77 78 81 82 84 85 88 89 91 92 95 96 2 30 37 44 51 58 65 72 98
6 7
6 2
7 8
8 11
11 12
12 14
14 15
15 18
18 19
19 21
21 22
22 25
25 26
26 28
28 29
29 32
32 33
33 35
33 30
35 36
36 39
39 40
40 42
40 37
42 43
43 46
46 47
47 49
47 44
49 50
50 53
53 54
54 56
54 51
56 57
57 60
60 61
61 63
61 58
63 64
64 67
67 68
68 70
68 65
70 71
71 74
74 75
75 77
75 72
77 78
78 81
81 82
82 84
84 85
85 88
88 89
89 91
91 92
92 95
95 96
96 98