61 32 2 35 3 47 51 8 56 10 92 11 58 95 63 12 66 13 16 77 17 76 27 31 22 23 0 36 42 88 6 44 45 62 73 65 68 96 78 64 38 93 94 97 24 39 4 57 30 82 5 7 14 21 49 60 59 74 34 50 85 99
61 32
61 12
32 2
32 42
2 31
35 3
35 30
3 36
3 34
47 51
47 7
51 8
51 77
8 49
8 50
56 10
56 92
10 57
92 22
11 58
11 60
11 59
58 66
58 77
95 23
95 63
63 12
66 13
13 64
13 65
16 73
16 74
77 17
77 36
17 76
17 78
76 27
27 0
31 82
22 93
23 96
23 94
42 5
88 38
88 21
6 44
6 45
44 78
45 93
62 97
62 39
62 94
62 73
73 65
68 96
68 14
64 85
38 4
97 24
24 99
39 4