0 8 9 6 7 11 12 18 21 22 23 28 29 24 35 34 33 30 36 39 44 43 47 42 53 48 52 51 58 59 56 54 63 60 61 67 68 70 71 66 72 74 75 77 76 73 80 78 83 87 84 90 92 93 96 1 2 3 4 5 10 13 17 14 15 16 19 20 26 27 25 31
0 6
0 1
0 2
0 3
0 5
8 6
8 14
9 11
9 7
9 4
6 7
6 12
6 10
11 13
12 18
12 17
12 15
12 16
18 21
18 19
18 20
21 29
22 23
22 25
23 29
28 35
28 33
28 24
29 34
29 24
24 26
24 27
35 31
34 39
33 30
36 39
39 44
44 42
44 53
43 42
47 52
47 42
53 56
48 58
48 51
58 59
59 54
56 54
54 60
54 61
63 60
60 67
67 71
68 66
70 77
70 66
71 73
72 73
72 74
72 75
72 76
75 80
77 76
76 78
73 83
80 87
87 84
84 90
90 92
90 93
90 96