29 34 19 84 32 46 7 52 55 10 80 59 11 63 53 69 48 50 8 51 73 95 83 60 58 40 5 41 93 22 23 94 49 99 56 57 37 4 38 9 64 13 65 86 27 3 1 2 18 12 14 16 20 90 24 82 47 91 42 54 66 92 39
29 34
29 1
34 94
34 3
19 83
19 84
19 82
84 46
84 32
32 2
46 7
7 48
7 47
52 55
52 9
55 10
10 57
10 56
80 95
80 18
59 64
59 11
59 63
11 60
11 58
63 12
53 37
53 9
69 48
69 14
48 60
50 8
50 56
8 49
8 51
51 73
73 16
95 23
95 83
58 38
58 93
58 40
40 5
5 41
5 42
41 90
93 22
22 91
22 92
23 94
49 99
99 24
57 27
37 4
4 38
4 39
9 54
64 13
13 65
13 66
65 86
86 20