0 1 49 4 3 6 5 8 7 9 10 13 17 12 19 18 21 20 23 22 25 24 27 26 28 32 33 34 35 36 37 38 39 40 41 42 43 44 45 46 47 48 51 50 53 52 55 54 57 56 59 58 61 60 63 62 65 64 67 66 69 68 71 70 73 72 75 74 77 76 79 78 81 80 83 82 85 84 87 86 89 88 91 90 93 92 95 94 97 96 2 11 15 29 31 98
0 1
1 49
49 3
49 48
49 50
49 2
4 3
4 5
6 5
6 7
8 7
8 9
9 10
10 13
10 11
13 12
13 15
17 12
17 18
19 18
19 20
21 20
21 22
23 22
23 24
25 24
25 26
27 26
27 28
28 29
32 33
32 31
33 34
34 35
35 36
36 37
37 38
38 39
39 40
40 41
41 42
42 43
43 44
44 45
45 46
46 47
47 48
51 50
51 52
53 52
53 54
55 54
55 56
57 56
57 58
59 58
59 60
61 60
61 62
63 62
63 64
65 64
65 66
67 66
67 68
69 68
69 70
71 70
71 72
73 72
73 74
75 74
75 76
77 76
77 78
79 80
79 78
81 80
81 82
83 82
83 84
85 84
85 86
87 86
87 88
89 90
89 88
91 90
91 92
93 92
93 94
95 94
95 96
97 96
97 98