3 4 5 7 8 11 13 25 24 23 18 21 17 27 26 29 31 30 32 35 43 39 47 48 49 46 38 58 60 61 59 63 64 69 75 84 73 72 67 78 79 80 74 95 0 50 16 2 42 57 92 51 6 9 10 20 28 44 62 66 77 83 19
3 4
3 2
4 21
4 5
4 20
5 60
5 7
5 8
5 6
7 58
8 9
11 38
11 13
13 25
13 10
25 24
24 23
23 18
23 21
18 26
18 19
17 27
17 16
27 26
27 31
26 29
26 28
29 43
29 44
31 30
30 32
32 0
35 38
35 46
43 42
39 47
39 48
47 46
48 49
49 50
58 57
60 61
60 62
61 59
59 63
63 64
64 69
69 75
75 84
84 73
73 72
72 67
72 78
67 74
67 66
78 79
79 80
79 95
80 77
74 83
95 92
50 51