0 29 32 33 51 56 76 38 2 4 13 40 41 52 70 77 47 53 31 39 6 12 28 50 57 17 83 44 54 66 22 65 10 34 61 69 86 16 84 94 90 85 42 99 19 81 20 71 23 87 24 78 48 75 68 92 35 36 96 98 91 49 88 27 79 46 7 14 72 11 80 62 60 37 58 43
0 56
29 56
29 13
29 57
32 69
32 44
32 23
32 12
33 90
51 69
51 85
56 19
76 70
76 91
76 96
38 90
2 4
2 70
13 90
40 90
41 86
41 27
52 75
52 36
52 54
77 39
77 75
47 94
53 87
53 50
31 92
31 68
6 28
6 46
12 83
12 80
28 16
28 14
57 92
17 99
17 7
83 24
83 81
44 10
54 78
66 88
22 84
65 49
65 98
10 86
10 79
10 72
34 16
34 58
61 84
61 42
61 60
69 91
86 42
86 98
16 85
16 11
94 24
99 20
20 71
71 87
71 91
87 62
48 36
75 88
68 49
68 35
36 96
96 37
98 43