0 91 90 40 39 38 37 36 35 2 1 4 3 6 5 8 7 68 67 66 65 64 63 62 61 60 16 17 18 19 20 21 22 23 24 25 26 27 28 29 30 31 32 33 34 42 41 43 56 89 85 70 69 75 78 79 80 92 82 81 94 9 15 71 12 44 46 47 48 49 50 51 52 57 58 59 74 77 84 95
0 91
0 1
91 90
90 40
40 39
40 41
39 38
38 37
38 84
37 36
37 85
36 35
35 60
35 34
2 1
2 3
4 3
4 5
6 5
6 7
8 7
8 9
68 67
68 12
67 66
66 65
65 64
64 63
64 69
63 62
62 61
61 60
61 80
16 17
16 15
17 18
18 19
19 20
20 21
21 22
22 23
23 24
24 25
25 26
25 75
26 27
27 28
28 29
29 30
30 31
31 32
32 33
33 34
42 41
42 43
43 44
56 89
56 46
56 47
56 48
56 49
56 50
56 51
56 52
56 57
56 58
56 59
89 85
70 69
70 81
70 71
75 74
78 79
78 77
79 80
92 94
92 82
82 81
94 95