0 50 51 52 53 54 55 57 58 59 64 65 66 70 72 74 76 81 82 85 87 99 68 69 75 77 83 90 62 63 71 88 73 4 5 94 96 84 11 14 15 22 28 29 31 34 35 37 44 46 48 56 95 61 92 97 98 7 12 21 43
0 50
50 11
51 35
51 96
51 44
51 11
51 28
51 77
51 54
51 12
52 28
53 90
53 94
53 65
53 31
53 61
55 72
57 66
58 5
58 34
59 29
59 48
64 84
64 87
64 98
66 69
70 22
70 29
72 82
72 83
72 90
74 68
74 82
74 56
76 35
81 5
82 95
85 15
85 84
85 44
85 7
85 21
87 22
99 37
68 69
68 84
69 62
75 4
75 88
75 73
77 14
83 34
62 97
62 43
63 22
63 46
71 35
73 34
96 37
15 92