0 1 2 3 4 5 6 7 8 9 10 11 12 13 14 15 16 18 17 20 19 22 21 24 23 26 25 28 27 30 29 32 31 34 33 36 35 38 37 40 39 42 41 44 43 46 45 48 47 50 49 52 51 54 53 56 55 58 57 60 59 62 61 64 63 69 70 71 72 73 74 75 76 77 78 79 80 81 82 83 84 85 86 87 88 89 90 91 92 93 94 95 96 97 98 99 65 68
0 1
0 99
1 2
2 3
3 4
4 5
5 6
6 7
7 8
8 9
9 10
10 11
11 12
12 13
13 14
14 15
15 16
16 17
18 17
18 19
20 21
20 19
22 21
22 23
24 23
24 25
26 25
26 27
28 29
28 27
30 31
30 29
32 31
32 33
34 33
34 35
36 37
36 35
38 37
38 39
40 41
40 39
42 43
42 41
44 45
44 43
46 45
46 47
48 49
48 47
50 49
50 51
52 51
52 53
54 55
54 53
56 55
56 57
58 59
58 57
60 61
60 59
62 61
62 63
64 63
64 65
69 70
69 68
70 71
71 72
72 73
73 74
74 75
75 76
76 77
77 78
78 79
79 80
80 81
81 82
82 83
83 84
84 85
85 86
86 87
87 88
88 89
89 90
90 91
91 92
92 93
93 94
94 95
95 96
96 97
97 98
98 99