0 1 2 7 6 9 10 11 12 13 17 18 49 48 31 32 26 30 33 34 35 39 40 74 73 56 57 51 52 53 55 58 59 60 61 62 64 65 69 99 98 81 82 76 77 80 83 84 85 86 87 92 93 8 19 36 94 14 44 78 89 25 54 50 63 67 71 97 23 41 47 66 70 72
0 1
1 2
1 7
2 9
7 6
7 8
6 23
9 10
10 11
11 12
12 13
12 17
13 14
17 18
18 49
18 19
49 48
48 31
48 47
31 32
31 30
32 26
32 33
26 25
30 39
33 34
34 35
35 36
35 44
39 40
40 74
40 41
74 73
73 56
73 72
56 57
56 55
57 51
57 58
51 52
51 50
52 53
53 54
55 64
58 59
58 71
59 60
60 61
60 69
61 62
62 63
62 67
64 65
65 99
65 66
69 70
99 98
98 81
98 97
81 82
81 80
82 76
82 83
76 77
77 78
80 89
83 84
84 85
85 86
86 87
87 92
92 93
93 94