0 1 2 3 4 5 6 7 8 9 10 11 12 13 14 15 16 17 19 18 20 21 23 22 24 26 28 25 27 29 31 30 32 33 35 34 36 37 39 38 40 41 43 42 44 45 46 99 97 95 93 91 89 87 85 83 81 79 77 75 73 71 69 67 65 63 61 59 57 55 98 96 94 92 90 88 86 84 82 80 78 76 74 72 70 68 66 64 62 60 58 56 47 48 53 54
0 1
0 98
0 2
1 3
1 99
2 4
3 5
4 6
5 7
6 8
7 9
8 10
9 11
10 12
11 13
12 14
13 15
14 16
15 17
16 18
17 19
19 21
18 20
20 22
21 23
23 25
22 24
24 26
26 28
28 30
25 27
27 29
29 31
31 33
30 32
32 34
33 35
35 37
34 36
36 38
37 39
39 41
38 40
40 42
41 43
43 45
42 44
44 46
45 47
46 48
99 97
97 95
95 93
93 91
91 89
89 87
87 85
85 83
83 81
81 79
79 77
77 75
75 73
73 71
71 69
69 67
67 65
65 63
63 61
61 59
59 57
57 55
55 53
98 96
96 94
94 92
92 90
90 88
88 86
86 84
84 82
82 80
80 78
78 76
76 74
74 72
72 70
70 68
68 66
66 64
64 62
62 60
60 58
58 56
56 54