0 82 89 92 29 33 70 37 3 61 63 21 71 5 53 79 95 6 8 66 64 99 35 9 16 62 69 58 81 24 41 12 22 25 43 74 48 98 31 17 40 50 57 34 47 20 36 39 45 90 97 27 85 96 32 54 38 77 88 93 84 44 72 75 94 91 11 2 52 4 14 15 67 42 51
0 82
82 96
89 54
89 27
92 3
29 39
29 66
29 6
29 15
33 3
33 70
70 40
70 41
37 16
37 2
37 51
61 8
61 12
61 11
63 6
63 16
21 99
21 4
71 8
5 79
53 38
53 9
79 44
95 81
95 77
8 35
66 74
66 43
66 20
64 69
64 75
99 25
99 12
35 24
35 41
9 62
9 69
9 16
16 25
16 67
62 58
62 14
41 42
22 90
22 50
74 52
48 98
48 31
98 40
17 40
50 85
57 94
34 54
47 32
47 93
20 36
39 96
45 84
90 54
97 32
27 96
85 91
85 94
38 77
38 93
38 88
88 84
93 72
44 72