0 1 3 4 6 8 9 16 18 17 14 15 19 20 24 85 84 66 78 33 25 23 26 27 77 61 36 48 43 44 47 52 40 63 60 64 65 54 10 13 28 5 12 22 32 35 38 39 41 45 46 53 55 56 57 58 67 68 72 80 86 88 90 92 97 99
0 3
0 1
1 63
3 4
4 9
6 24
6 8
6 9
6 10
6 22
8 38
16 18
16 47
16 61
16 5
16 12
18 17
18 19
17 14
17 36
14 77
14 15
14 13
15 32
15 88
19 20
20 43
24 85
24 27
85 84
84 77
84 66
84 92
66 78
66 80
78 33
78 97
33 25
33 40
33 41
33 58
33 90
33 99
25 64
25 23
23 48
23 26
26 45
27 28
77 86
61 35
36 55
48 65
43 52
44 54
44 40
44 57
47 53
52 56
63 60
63 67
60 46
64 68
65 72
54 39