1 2 3 4 5 6 7 58 9 11 13 15 17 19 21 23 25 27 28 29 57 56 33 32 31 35 37 39 41 43 45 47 49 51 53 59 60 62 64 66 68 70 72 74 76 78 80 82 84 86 88 89 90 91 92 93 99 98 97 96 95 8 10 12 14 16 18 20 22 24 26 30 34 36 38 40 42 44 46 48 50 52 61 63 65 67 69 71 73 75 77 79 81 83 85 87 94
1 2
2 3
3 4
4 5
4 58
5 6
6 7
7 8
58 57
58 59
9 8
9 10
11 10
11 12
13 12
13 14
15 14
15 16
17 16
17 18
19 18
19 20
21 20
21 22
23 22
23 24
25 24
25 26
27 28
27 26
28 29
29 30
57 56
33 32
33 34
32 31
31 30
35 34
35 36
37 36
37 38
39 38
39 40
41 40
41 42
43 42
43 44
45 44
45 46
47 46
47 48
49 48
49 50
51 50
51 52
53 52
59 60
60 61
62 61
62 63
64 63
64 65
66 65
66 67
68 67
68 69
70 69
70 71
72 71
72 73
74 73
74 75
76 75
76 77
78 77
78 79
80 79
80 81
82 81
82 83
84 83
84 85
86 85
86 87
88 87
88 89
89 90
89 99
90 91
91 92
92 93
93 94
99 98
98 97
97 96
96 95