65 19 89 96 67 82 49 87 84 6 24 22 12 41 38 83 92 26 93 13 86 88 11 91 95 71 62 18 64 57 33 69 78 94 53 75 48 23 99 17 97 79 25 77 0 56 9 37 72 60 51 3 52 15 10 29 63 4 98 36 80 28 55 39 61 74 2 32
65 78
65 38
65 52
19 3
89 71
89 25
89 6
96 94
96 11
67 6
67 10
82 49
49 95
87 99
87 26
87 56
87 29
87 28
87 55
84 93
84 63
6 75
24 62
22 72
22 86
12 95
12 69
12 0
41 38
83 97
83 92
26 93
26 17
93 97
93 2
13 25
13 11
86 88
11 74
91 23
91 98
91 39
91 61
95 60
71 33
71 36
62 99
18 77
64 97
64 57
57 79
33 97
33 53
33 4
78 94
53 23
75 48
99 72
79 51
77 0
56 9
56 80
9 60
9 37
9 15
9 32
3 52