0 14 22 25 2 40 3 48 44 38 5 7 6 29 18 31 61 8 42 9 10 43 11 51 12 59 30 34 45 17 47 20 50 21 53 23 24 33 46 37 41 58 35 60 56 62 64 65 67 72 73 74 79 80 81 82 83 84 85 86 87 89 90 91 96 97 98 99 15 39 52 54
0 22
0 14
0 62
0 64
0 65
0 72
0 73
0 74
0 81
0 82
0 83
0 84
0 85
0 86
0 87
0 89
0 90
0 91
0 96
0 97
0 98
14 38
14 34
14 54
22 53
22 79
25 50
25 6
25 5
2 40
40 11
40 21
3 44
3 48
48 56
48 41
44 53
44 35
44 31
38 17
5 7
5 15
5 39
5 52
7 61
7 31
7 18
7 67
6 29
31 8
61 9
8 42
9 10
10 43
43 24
11 51
51 24
12 59
59 34
30 37
45 60
47 35
47 99
20 50
53 23
23 80
24 33
33 58
46 58
37 35
60 56