0 2 3 5 6 7 8 9 10 11 13 14 16 17 18 20 23 24 25 26 28 29 30 33 34 37 40 41 46 47 49 51 52 54 55 56 57 59 60 63 67 69 71 73 74 76 77 81 86 88 90 99 1 12 15 22 32 44 62 82 85 94 96 98
0 20
0 7
2 6
2 16
3 17
3 14
5 30
5 24
5 33
6 88
6 9
6 1
7 69
8 46
8 49
8 62
9 55
9 10
10 37
11 54
11 26
13 51
13 63
13 76
13 60
14 55
14 63
14 18
14 12
14 15
17 22
20 67
23 63
23 94
24 34
24 67
25 81
25 82
26 77
28 59
28 41
29 88
30 81
30 76
30 85
33 54
34 40
34 46
34 47
40 96
41 99
41 52
46 71
46 32
51 74
54 57
56 57
69 73
71 98
74 99
81 44
86 90
88 90