91 79 5 58 2 8 18 3 14 99 32 37 15 88 61 89 50 10 17 55 75 29 95 40 92 57 65 33 21 31 82 86 71 70 98 69 54 51 80 96 27 66 45 13 47 25 94 41 30 34 76 7 26 11 77 12 0 16 72 85 49 9 42 90 36 19
91 92
91 96
91 79
91 9
79 0
5 88
5 71
58 65
2 30
8 99
8 88
18 86
18 25
3 54
14 69
14 96
14 85
99 7
99 80
32 95
32 72
37 82
37 57
37 95
15 27
88 61
89 11
89 31
50 33
50 80
10 76
10 70
17 82
55 66
75 30
29 57
29 90
95 16
95 49
40 16
92 70
92 19
57 34
65 30
65 34
65 26
33 45
33 51
21 12
31 98
31 71
82 54
86 77
86 41
71 47
69 54
27 16
66 45
45 76
45 42
45 36
13 47
94 11
34 77
76 12