0 2 3 4 7 9 11 13 15 17 18 23 24 25 28 30 32 37 39 41 43 45 46 47 49 50 51 52 55 56 61 63 65 66 67 69 78 80 82 84 86 91 92 96 97 99 5 12 14 16 22 26 27 29 38 57 64 76 79 98 6 21 87 8 19 31 33 36 40 48 59 81 90 42 54 83 62 58
0 61
2 50
2 18
2 4
2 90
3 9
3 69
4 58
7 16
7 51
7 26
7 11
9 84
11 25
11 79
13 37
13 81
15 45
15 43
15 64
17 39
17 26
18 55
18 46
18 62
23 12
24 5
24 28
24 96
25 63
28 37
28 57
28 8
28 36
30 27
32 65
32 98
39 31
41 61
41 82
43 47
45 65
46 49
47 38
49 76
50 52
50 27
55 91
56 66
56 69
61 67
63 99
65 12
66 22
67 5
69 98
78 5
78 33
78 42
80 76
80 92
86 79
92 38
92 59
97 26
5 29
14 57
14 83
26 21
26 54
57 6
57 19
76 87
76 40
6 21
21 87
87 48