0 3 5 8 9 18 22 23 24 25 28 31 36 39 42 45 48 51 60 61 65 68 70 73 76 81 85 88 90 93 97 99 4 7 13 14 40 54 62 63 66 69 10 46 47 57 59 67 83 92 96 43 52 53 2 16 21 64 77 87 15 20 29 33 49 55 72 78 86
0 90
3 73
3 99
5 25
8 42
9 4
9 46
9 85
9 63
9 93
9 55
18 39
18 46
18 96
18 68
22 70
22 46
22 99
22 87
22 49
23 24
24 13
25 53
28 99
28 62
28 61
28 78
28 86
31 7
31 52
36 43
42 59
42 83
45 13
48 4
48 67
48 72
51 10
51 40
51 73
60 69
60 97
60 59
65 81
65 13
68 92
70 16
76 46
76 64
81 14
85 21
85 15
88 54
88 53
90 54
93 2
4 7
7 77
7 29
13 69
62 53
62 43
63 20
66 53
69 67
69 33
47 96
57 53