0 91 48 62 43 6 44 31 2 35 3 42 5 25 46 7 75 16 74 49 8 50 53 9 18 81 56 93 22 12 68 14 83 86 69 76 61 73 96 32 17 78 26 54 77 72 80 23 41 36 30 15 19 45 10 20 92 52 63 64
0 25
91 22
91 48
48 7
48 62
48 64
62 12
43 6
43 46
43 86
43 35
6 44
6 45
44 31
31 2
2 32
35 3
3 36
42 5
42 25
5 41
25 78
46 7
46 75
75 16
16 74
16 73
74 49
49 8
8 50
50 53
53 9
9 54
9 52
18 81
18 80
81 56
56 93
56 10
93 22
22 92
12 61
12 63
68 14
68 30
14 69
83 86
83 19
86 20
69 76
76 32
61 26
73 96
96 23
17 78
17 77
26 72
54 77
72 15