0 73 29 1 30 47 7 46 78 3 52 38 4 5 9 54 44 6 59 11 58 13 65 67 74 16 37 83 19 64 85 21 88 22 95 98 25 40 35 42 77 17 36 72 93 60 57 24 14 15 20 34 48 91 92 39 45 53 82 89 28
0 25
73 29
73 16
29 1
29 93
1 30
1 28
30 47
47 7
47 40
47 57
7 46
7 48
46 78
78 17
3 35
3 36
3 34
52 38
52 9
38 4
38 98
4 37
4 39
5 42
5 40
9 54
9 53
54 74
54 44
44 6
44 59
6 45
59 11
11 58
11 60
58 95
13 64
13 65
65 67
65 83
67 14
74 16
37 83
83 19
19 82
64 85
85 20
21 88
21 89
88 77
22 93
22 91
22 92
95 36
98 24
25 35
42 72
77 17
72 15