0 9 14 17 11 15 37 34 33 40 47 54 50 59 53 62 68 69 71 79 72 74 87 84 85 99 12 21 52 45 75 3 7 88 82 80 78 43 81 38 22 24 48 61 55 19 39 91 44 65 93 27 64 58 6 5 23 20 26 32 41 89 94 13 36 8 49 95 51
0 99
0 47
0 37
0 14
0 6
9 43
14 69
14 17
11 39
11 12
15 62
15 19
37 33
37 23
37 36
34 3
40 43
47 64
47 59
47 22
54 52
54 81
54 24
54 84
50 82
50 55
59 32
53 19
62 88
62 58
62 68
62 13
68 93
69 65
71 75
71 45
71 78
79 85
79 95
72 38
72 74
74 44
87 85
87 91
87 89
84 61
85 88
85 44
85 26
21 88
21 8
52 51
45 48
45 41
3 80
7 48
88 81
88 94
82 80
80 43
81 5
38 39
22 24
24 20
48 55
48 64
65 27
58 49