0 1 2 3 4 14 5 6 15 16 27 10 20 25 24 33 32 41 35 52 46 45 44 56 67 57 48 58 69 59 66 55 54 64 74 84 72 71 60 50 76 80 81 82 83 93 94 98 88 21 28 7 8 23 26 30 31 40 42 43 49 51 53 62 68 70 85 86 89 90 92
0 1
0 10
1 2
2 3
3 4
4 14
14 5
14 15
14 23
5 6
6 7
15 25
15 16
15 26
16 27
27 28
27 8
10 20
20 21
25 35
25 24
24 33
33 32
32 41
32 42
41 50
41 52
41 30
41 31
41 40
41 51
35 46
52 43
46 45
46 56
45 44
44 53
56 67
67 98
67 57
67 68
57 48
48 58
58 69
69 59
59 49
66 76
66 55
55 54
54 64
64 74
74 84
84 72
72 71
71 80
71 60
71 62
71 70
60 50
76 86
80 81
80 90
81 82
82 83
83 93
83 92
93 94
94 85
98 88
88 89