0 1 2 5 14 15 26 27 30 39 40 6 12 13 19 25 28 38 44 51 53 52 56 63 55 64 69 76 65 77 81 78 88 80 37 60 85 11 4 7 16 18 24 29 31 33 34 35 41 43 49 50 54 57 66 68 74 82 89 91 93 99
0 1
1 2
2 6
2 5
2 4
5 14
5 13
14 15
15 26
26 25
26 28
26 27
26 34
27 30
27 29
27 31
30 39
30 38
39 40
40 53
40 60
6 7
12 13
12 11
13 19
13 16
13 18
19 24
25 33
28 35
38 44
38 37
38 41
38 43
44 49
51 53
51 52
51 50
52 56
52 55
52 54
56 57
63 69
63 55
63 66
63 68
55 64
64 65
69 74
76 78
76 77
76 65
65 99
77 81
77 80
81 82
78 85
88 80
88 91
88 93
80 89