0 34 48 66 67 1 19 30 39 47 62 64 71 86 2 4 6 36 40 53 33 56 24 27 29 68 8 16 50 70 14 38 52 58 84 91 99 23 78 32 42 98 9 10 75 82 92 60 12 20 79 74 77 69 76 85 45 25 3 13 80 93 72 54 73 18 89 31 49 61 96 28 35
0 34
34 23
34 16
34 4
48 69
48 27
66 16
67 75
67 98
1 30
1 86
1 71
1 19
39 10
39 58
39 14
39 61
47 53
47 45
62 6
62 64
64 56
64 40
71 77
2 53
4 68
6 58
6 84
6 36
36 25
33 50
33 70
56 3
24 14
24 79
27 8
29 78
29 77
29 31
68 50
68 72
8 42
8 98
50 99
50 93
14 99
14 54
14 49
38 75
38 74
52 12
52 9
58 85
58 13
84 35
91 45
91 75
99 32
99 18
23 60
78 85
32 89
9 92
10 82
10 73
82 76
92 74
20 69
79 96
74 76
76 80
85 28