0 1 2 3 4 14 15 5 7 6 9 8 11 12 13 16 18 17 22 23 24 26 25 19 33 34 35 41 31 21 42 32 48 38 28 50 40 43 56 46 36 59 58 61 51 62 52 67 57 68 70 60 73 72 79 69 81 71 86 87 88 78 90 80 91 85 99 89 27 82 10 66 77 98 29 53 74 92 95
0 1
0 10
1 2
2 3
3 4
4 14
14 13
14 15
15 16
15 5
15 24
5 6
7 8
7 6
9 8
9 19
11 12
11 21
12 13
16 17
18 17
18 28
22 23
22 32
23 24
24 25
24 34
26 25
26 27
19 29
33 34
33 43
34 35
35 36
41 31
41 51
41 40
31 21
42 32
42 52
48 38
48 58
48 57
38 28
50 60
50 40
43 53
56 46
56 66
46 36
59 69
59 58
58 68
61 71
61 51
62 72
62 52
67 57
67 77
68 78
70 80
70 60
73 72
73 74
79 89
79 69
81 71
81 82
86 87
86 85
87 88
88 78
90 80
90 91
91 92
85 95
99 89
99 98