25 37 38 27 42 43 28 33 46 30 32 31 39 44 45 0 1 2 4 5 6 7 10 11 12 15 16 18 20 23 24 21 22 88 57 65 82 91 98 52 99 54 66 69 94 67 85 61 64 55 70 58 74 77 50 76 83 84 62 95 72 93 63 26 36 35 41 34 29 48 49 47 40 3 8 9 19 13 53 87 78 81 75
25 37
25 35
37 38
38 39
38 26
38 36
27 42
27 52
27 87
42 43
43 33
43 46
43 44
43 45
43 49
28 33
28 34
33 32
33 47
46 29
30 32
30 31
31 48
39 11
39 41
39 40
44 95
0 2
1 4
1 16
1 3
2 91
4 54
4 5
5 6
6 7
7 8
10 12
10 13
11 12
11 99
11 9
12 77
12 75
15 16
15 88
18 84
18 62
20 21
20 23
20 24
20 19
23 54
24 98
21 22
22 52
22 57
88 93
65 50
82 63
82 50
82 64
91 72
98 55
52 81
99 67
54 83
66 69
66 94
69 74
67 55
85 63
61 74
61 76
61 70
55 58
55 53
70 58
74 72
76 62
83 78
95 63