0 89 90 95 94 93 60 4 5 38 37 59 6 68 67 58 14 15 57 18 61 19 52 28 31 32 92 83 33 43 63 62 50 56 66 70 69 75 78 79 30 96 27 82 3 9 11 20 53 36 17 55 16 42 48 51 71 74 77 86 97
0 89
89 90
90 95
95 94
95 96
94 93
94 52
93 92
93 60
60 59
60 61
4 5
4 3
5 38
5 6
38 37
37 59
37 36
59 58
6 11
68 69
68 67
68 9
67 66
67 58
58 57
14 43
14 15
15 57
15 16
57 56
18 61
18 19
18 17
61 62
19 83
19 20
52 53
28 31
28 27
31 32
31 30
32 92
32 33
83 82
33 55
43 42
63 62
63 48
62 75
50 56
50 51
66 79
70 69
70 71
75 74
78 79
78 77
30 86
96 97