0 69 80 58 40 18 85 66 14 24 12 13 89 57 4 75 74 6 10 17 78 63 22 52 43 48 62 31 33 39 44 45 49 56 77 64 65 95 38 32 55 5 50 98 47 23 1 3 35 19 21 25 27 29 36 37 46 96 71 73 76 83 88 92
0 6
0 69
69 80
69 88
80 10
80 39
58 40
58 1
40 18
18 85
18 62
18 25
85 66
85 10
66 14
66 78
66 96
14 24
14 63
14 52
24 12
24 75
24 21
12 13
13 89
13 3
89 57
89 31
57 4
57 55
57 76
4 17
75 74
74 33
74 35
6 38
10 95
17 77
78 19
63 22
22 37
22 46
52 43
52 44
52 71
52 83
43 48
48 36
62 29
31 32
33 92
39 23
44 45
45 49
45 98
49 56
49 5
56 50
77 64
64 65
65 47
95 73
38 27