0 74 61 90 27 96 75 68 82 65 44 43 10 14 11 17 80 54 69 23 55 24 64 52 31 36 87 78 4 85 79 97 48 86 50 2 3 13 26 28 35 37 39 40 41 42 45 46 49 58 59 60 66 76 81 83 84 93
0 74
0 44
0 78
74 61
74 86
61 65
61 87
90 27
90 11
90 52
90 54
90 14
90 36
90 35
90 40
27 96
27 41
96 17
96 60
75 68
75 3
75 37
75 59
68 82
68 28
82 65
65 2
65 93
44 43
44 79
44 4
43 48
10 14
10 26
11 83
17 80
80 13
54 69
54 64
54 50
69 23
69 97
69 49
23 42
23 76
55 52
55 24
24 31
64 78
31 85
36 45
87 39
4 46
85 58
85 66
79 84
97 81