0 7 1 2 29 8 3 18 91 96 4 30 17 5 10 6 12 21 26 9 13 11 24 27 14 15 16 32 19 20 22 23 25 28 31 33 34 35 37 41 42 43 45 46 48 49 50 51 53 54 56 59 61 63 64 66 67 69 70 73 77 80 81 85 88 89
0 1
0 7
0 35
0 37
0 41
0 42
0 43
0 46
0 49
0 50
0 51
7 17
1 2
1 33
1 53
1 54
1 56
1 59
1 61
1 63
1 64
1 66
1 67
1 69
1 70
2 29
2 8
2 34
2 73
2 77
2 80
2 81
2 85
2 89
29 10
29 88
8 21
8 26
3 18
3 96
3 91
18 6
18 15
18 32
91 5
96 13
4 17
4 30
30 16
30 31
6 12
12 27
21 9
21 14
21 22
21 45
26 19
26 48
9 13
11 24
24 27
32 28
19 20
22 23
23 25