14 15 91 87 6 33 34 16 76 57 29 31 13 92 59 45 40 28 23 30 82 90 43 67 80 70 7 2 68 26 42 72 46 77 8 60 75 84 35 95 69 11 27 97 73 5 39 74 37 22 64 48 21 10 58 88 17 12 53 41 85 4 54 93 0 19 20 79 61 96 50 99 25 62 49 18
14 15
15 91
91 87
91 75
87 6
6 33
33 93
34 45
16 76
16 23
76 54
57 92
57 18
29 77
29 19
31 60
13 58
92 12
92 4
92 59
92 20
59 45
45 79
40 22
28 43
28 61
23 30
30 74
82 90
90 7
43 74
43 67
67 41
80 69
80 48
80 93
70 41
70 50
7 73
2 17
2 95
68 26
26 4
26 42
42 72
72 99
46 4
46 77
46 84
46 25
8 37
8 60
60 27
75 84
75 49
35 95
11 27
11 88
27 97
27 62
97 73
5 39
39 74
22 64
64 48
21 93
21 10
58 41
58 88
17 12
12 53
53 41
85 4
85 96
93 0