0 60 9 8 2 16 75 56 74 77 63 49 48 57 11 40 38 92 23 78 50 72 87 93 12 19 58 82 13 47 90 67 30 22 69 84 25 51 32 28 83 88 36 54 71 73 96 80 86 66 79 81 98 10 53 59 24 76 42 33 85 39 45 95 89
0 9
0 60
9 50
8 78
8 23
2 16
2 74
2 75
16 56
16 24
75 81
75 42
74 71
74 76
74 39
77 49
77 83
63 32
63 67
63 85
48 38
48 57
57 81
11 93
40 58
92 79
92 50
23 13
78 79
72 51
72 13
87 67
87 69
87 10
93 80
93 88
93 82
12 58
12 82
19 22
58 22
13 47
90 66
90 54
90 83
90 89
30 36
69 86
69 28
84 86
25 32
25 51
32 88
32 53
36 73
54 33
54 45
71 96
71 73
71 59
73 98
96 80
96 66
81 95