2 88 12 15 28 5 92 67 69 84 10 38 29 53 27 74 89 32 25 51 99 35 81 66 40 56 54 46 11 93 57 62 33 73 1 90 47 96 19 78 17 7 44 60 23 45 61 77 64 41 79 0 39 48 9 87 50 76 83 97 72 36
2 88
88 25
88 12
12 0
12 56
12 15
12 81
15 28
28 5
5 78
92 67
92 38
67 69
69 84
84 10
10 23
10 60
38 29
38 1
29 53
53 48
53 41
53 27
27 11
74 89
74 7
89 32
89 19
32 87
25 51
99 9
99 79
99 7
99 35
81 66
66 64
66 40
56 54
56 44
54 46
11 93
11 72
93 57
57 39
57 61
62 41
33 73
33 90
73 36
73 41
73 44
47 96
96 83
96 19
78 17
23 45
45 79
77 64
50 83
50 76
76 97