0 54 78 51 92 12 48 21 91 66 4 1 76 25 35 17 7 37 72 70 74 8 42 18 39 2 71 86 32 73 67 29 34 80 33 15 27 44 6 94 88 62 13 57 77 84 52 26 58 11 20 53 47 60 56 59 85 79 9 90 97 10 24 45 43 49 65 40 3 87
0 53
0 60
0 2
0 9
54 39
54 7
78 80
78 84
51 66
51 37
51 47
92 39
92 24
12 62
12 20
48 57
48 1
48 52
21 17
91 42
66 74
66 17
4 29
1 44
1 77
76 7
25 62
35 71
35 49
17 6
7 37
7 26
7 3
37 8
37 10
72 59
72 84
70 74
74 33
74 71
8 40
42 57
18 11
39 53
39 43
86 32
32 73
73 52
67 85
29 77
29 58
34 13
33 87
15 88
15 27
27 85
94 26
94 11
62 79
13 47
77 60
77 45
84 97
58 85
53 79
53 90
47 56
60 65
59 79