0 25 35 31 2 3 36 39 4 37 26 42 5 47 55 60 19 82 94 40 41 67 14 84 15 70 74 90 78 17 76 18 23 95 87 20 68 48 91 22 93 99 27 80 81 86 61 71 38 44 21 54 10 11 16 24 7 32 96 79
0 26
0 27
0 25
25 54
35 3
35 31
35 95
35 47
31 2
31 44
2 32
3 36
36 39
39 37
4 37
4 38
26 42
42 81
42 5
5 40
5 41
47 55
47 7
55 60
55 10
60 11
19 82
19 84
82 94
94 23
40 61
41 67
67 14
14 68
84 76
15 70
15 71
70 74
74 80
74 16
90 78
90 21
78 17
17 76
18 80
18 81
18 79
23 95
23 96
95 87
87 20
20 86
68 48
48 91
91 22
22 93
93 99
99 24
27 86