83 36 2 68 11 4 8 10 51 87 5 6 64 79 81 89 12 69 71 95 44 16 18 30 37 3 53 0 23 28 67 34 97 86 88 73 38 42 26 62 17 52 70 19 45 61 60 99 55 90 21 7 91 77 32 33 35 43 46 59 66 82 92
83 36
83 5
36 2
36 60
2 68
2 61
68 11
68 44
11 87
11 88
4 45
4 8
8 67
8 10
10 51
10 89
51 87
87 97
5 18
6 64
6 32
64 62
64 79
79 81
81 89
81 35
89 77
12 23
12 69
12 43
69 71
71 95
71 19
95 44
44 0
16 18
16 90
30 37
30 21
37 3
3 53
3 92
53 0
53 66
23 33
28 70
28 67
67 38
34 97
34 7
86 88
86 99
73 38
73 91
42 26
42 55
26 62
17 52
17 46
52 70
19 59
45 82