0 30 1 29 32 2 38 4 59 11 42 5 40 44 6 56 10 57 12 63 67 66 13 64 72 73 16 77 17 92 82 19 88 21 22 93 94 99 24 35 3 36 27 54 9 97 53 84 45 62 34 74 89 79 58 51 14 18 15 78 23 33 37 65
0 27
30 1
30 74
1 29
29 59
32 2
32 57
2 33
38 4
38 77
38 97
4 37
59 11
11 58
42 5
42 88
5 40
40 44
44 6
6 45
56 10
56 93
10 57
57 99
57 94
12 63
12 62
63 67
67 14
66 13
66 73
13 64
13 65
64 77
64 34
64 72
72 15
73 16
16 74
77 17
17 78
92 22
92 82
92 51
82 19
19 84
88 21
21 89
22 93
94 23
99 24
24 97
35 54
35 3
3 36
3 34
36 27
54 9
9 53
53 62
84 45
89 79
79 18