0 3 4 18 28 33 66 72 1 5 11 15 20 69 8 12 13 37 38 44 59 70 82 9 21 56 14 19 27 36 39 58 99 97 92 26 46 63 77 87 90 98 80 86 17 7 52 89 2 34 16 31 45 48 93 22 51 73 76 65 79
0 3
0 28
0 72
3 59
3 48
4 21
4 18
4 7
4 93
18 82
28 38
28 79
33 58
33 12
66 13
72 98
1 5
1 17
1 52
1 89
5 58
5 14
5 19
5 16
5 22
5 51
11 21
11 15
11 34
15 2
20 12
20 21
69 70
69 90
69 9
8 99
12 31
12 76
13 44
13 39
37 92
37 27
37 46
44 27
59 82
70 21
9 97
56 36
56 80
14 77
14 99
14 63
27 98
36 87
99 65
97 26
26 87
46 86
77 73
90 45