5 7 8 9 12 13 11 14 17 20 22 23 26 27 29 31 33 34 36 39 38 41 42 40 43 45 46 48 51 53 54 56 57 60 62 64 66 68 69 71 74 75 78 80 82 83 96 98 16 18 2 93 86 24 28 30 32 37 44 47 49 50 52 58 59 61
5 2
5 7
7 8
8 9
9 12
12 13
13 11
11 14
14 17
17 16
20 22
20 18
22 23
22 24
23 26
26 27
27 29
27 28
29 31
29 32
31 33
31 30
33 34
34 36
36 39
39 38
38 41
38 37
41 42
42 40
40 43
43 45
43 44
45 48
45 46
46 47
48 51
48 49
48 50
51 53
51 52
53 54
54 56
54 57
56 58
56 59
57 60
60 62
60 61
62 64
64 66
66 68
68 69
69 71
71 74
74 75
75 78
78 80
80 82
82 83
83 86
96 98
96 93
98 2
16 18