1 4 76 3 7 6 10 51 11 49 8 12 17 18 45 22 55 19 88 53 33 64 84 72 52 26 27 28 36 35 46 60 61 62 98 87 70 66 59 54 15 41 80 56 20 37 2 5 9 13 14 30 31 34 43 47 48 50 67 78 96
1 4
1 88
4 11
4 48
76 3
76 2
3 7
3 10
3 9
7 49
6 8
6 5
10 51
10 20
10 14
51 11
49 8
8 12
12 50
17 18
17 28
18 45
18 26
18 27
45 22
22 55
22 53
55 88
55 19
55 60
55 46
19 15
19 13
53 33
33 64
64 84
64 34
84 72
72 52
52 36
52 41
26 31
27 80
28 30
36 35
36 59
35 54
46 43
60 61
61 62
61 47
62 98
98 87
87 70
70 66
66 56
59 78
54 37
54 67
15 96