0 1 4 18 29 31 32 33 35 37 39 42 43 46 50 57 61 62 63 67 70 74 85 86 92 94 95 96 98 15 21 28 30 45 49 54 65 66 71 75 79 87 7 22 44 48 69 73 78 82 84 90 3 24 58 83 47 60 76 91 11 20 23 36 68 41 52 55 34
0 29
1 45
1 30
1 11
4 32
4 98
18 95
18 94
29 28
31 82
31 87
31 35
32 44
32 58
33 71
35 60
37 70
37 92
37 52
39 22
39 43
42 69
42 70
42 60
43 96
46 83
46 86
46 92
50 79
50 90
50 54
57 44
61 30
62 63
62 95
67 48
70 71
74 7
74 91
85 91
86 15
92 7
92 73
92 55
94 28
95 78
96 73
15 49
15 41
21 83
21 79
21 23
28 54
28 47
30 48
30 84
45 3
45 20
49 58
49 34
54 75
65 84
66 47
79 24
79 36
87 76
90 68
3 83