1 2 3 4 5 6 8 7 10 9 12 11 13 17 18 19 20 22 21 23 27 28 31 30 29 34 78 36 35 41 42 76 45 56 57 48 49 50 32 33 60 65 72 83 84 85 37 61 86 90 14 16 26 40 51 54 64 69 73 82 89 93 96
1 2
1 72
2 3
3 4
4 5
4 20
4 57
4 90
5 6
6 7
6 78
8 7
8 9
10 11
10 9
10 28
9 85
12 13
12 11
13 14
17 18
17 16
18 19
19 20
20 21
22 21
22 23
23 96
27 28
27 26
28 29
31 60
31 48
31 30
30 29
29 76
34 78
34 33
34 35
36 35
36 37
41 42
41 40
42 76
45 65
45 56
56 57
56 93
48 49
49 50
50 51
32 33
32 54
60 61
65 64
72 69
72 73
83 84
83 82
84 85
84 89
85 86