0 1 2 3 4 6 7 8 9 10 12 13 21 22 23 24 25 28 29 31 32 36 37 39 43 44 47 48 49 51 52 54 57 58 60 61 63 70 72 74 76 77 78 83 84 85 86 87 88 91 92 95 97 98 99 5 15 20 27 42 59 64 67 80 81 89
0 2
1 51
2 74
2 39
2 49
2 12
2 3
3 28
3 29
4 51
4 23
6 91
6 70
7 77
7 60
8 37
8 54
9 76
9 83
9 20
9 81
10 23
12 36
13 25
21 49
21 43
22 98
22 58
23 24
24 70
25 63
28 44
28 42
31 78
31 63
32 44
36 72
39 97
39 52
44 99
47 63
47 15
48 57
48 88
48 76
48 89
54 77
57 99
57 60
57 87
60 61
60 64
61 59
63 92
63 27
70 98
76 91
77 80
78 85
83 84
86 88
86 67
87 95
91 92
91 5