1 0 6 7 8 9 10 11 12 13 14 15 23 22 21 20 24 25 26 27 31 32 33 34 35 36 41 42 51 50 90 45 46 52 53 54 55 56 60 61 62 63 64 65 67 68 69 70 71 72 77 81 82 83 84 88 89 91 92 93 94 99 37 57 76 95 16 28 80 40 47 66 73 87 98
1 0
1 31
0 8
6 64
6 7
7 8
8 9
9 10
10 92
10 11
11 12
12 13
13 14
14 15
15 16
23 24
23 22
22 21
21 20
20 60
24 25
25 26
26 27
27 28
31 32
32 33
32 84
33 34
34 35
35 36
36 37
41 42
41 40
42 51
51 52
51 50
50 90
90 89
90 91
90 45
45 46
46 47
52 53
53 54
54 55
55 56
56 57
60 61
61 72
61 62
62 63
63 64
64 65
65 66
67 68
67 77
68 69
69 70
70 71
71 72
72 99
72 73
77 76
81 82
81 80
82 83
83 84
88 89
88 87
91 92
92 93
93 94
94 95
99 98