0 5 1 4 2 3 16 18 6 7 32 10 12 67 17 29 30 23 24 92 71 28 72 36 39 63 48 54 57 58 60 70 93 74 49 47 20 89 98 9 46 86 13 37 84 38 8 22 34 44 51 52 53 65 69 75 81 82 83 88 97
0 9
5 1
5 12
1 16
1 7
1 39
1 4
4 2
2 3
2 47
2 13
3 20
3 22
16 18
16 53
18 6
6 67
7 32
32 29
32 10
32 52
10 92
10 8
12 9
67 17
67 57
17 44
29 30
30 23
23 89
23 24
23 51
24 86
92 71
92 70
92 34
71 72
28 49
28 74
72 36
72 37
36 74
39 63
39 38
63 54
63 84
63 65
48 49
48 46
54 60
57 58
58 83
60 98
70 93
93 69
74 75
47 81
20 82
89 88
98 97