0 28 1 25 42 3 36 47 7 46 61 75 52 12 70 15 71 57 64 24 98 77 17 79 18 39 85 20 80 90 27 95 23 94 83 29 2 32 48 73 16 19 86 49 8 50 59 62 78 4 97 93 5 13 21 82 35 9 11 81 33 34 74
0 27
0 25
28 1
28 50
1 29
25 42
42 5
3 36
3 35
3 34
36 47
36 73
36 29
47 7
7 48
7 46
46 61
61 12
61 75
75 70
75 52
52 32
52 9
12 62
70 15
15 71
71 57
57 64
64 13
24 98
24 97
98 83
98 77
77 17
17 78
79 18
79 62
18 80
18 81
39 94
39 85
39 4
85 20
20 86
80 90
90 21
27 95
27 93
95 23
23 94
83 19
29 59
2 32
2 33
48 78
73 16
16 74
19 82
86 49
49 8
8 50
59 11