0 54 44 19 7 8 76 16 23 41 63 34 28 89 32 91 52 35 37 40 42 22 49 67 57 66 21 59 58 95 98 47 51 38 2 39 73 74 10 78 15 84 24 25 31 33 97 46 50 68 70 71 72 75 79 81 82 83 88 92
0 16
0 91
0 98
0 89
0 76
0 95
0 73
0 74
0 78
0 84
0 97
0 68
0 70
0 71
0 72
0 75
0 79
0 81
0 82
0 83
0 88
0 92
54 32
54 2
44 19
44 49
19 7
7 28
7 57
8 52
8 34
8 25
76 10
16 35
16 15
23 32
23 22
41 63
41 34
63 24
28 67
89 31
32 51
91 33
52 37
52 35
37 22
37 42
40 95
40 39
42 46
49 47
67 50
57 66
66 21
21 59
59 58
58 38
98 47