33 59 37 48 61 81 26 45 31 28 19 80 88 24 52 71 95 12 54 5 25 93 82 13 50 14 42 41 96 68 2 83 49 23 3 46 1 16 21 92 99 27 72 98 70 29 66 77 36 20 86 0 34 64 55 69 73 44 15 56 11 35 74 6 85 97 7 58 78 94 22 51 75 84 57
33 95
59 2
59 20
59 42
37 71
37 64
48 46
61 42
61 98
61 75
81 36
81 26
81 7
26 50
26 52
26 27
26 97
45 72
45 49
31 34
31 2
28 34
28 27
19 21
19 36
19 93
80 56
80 0
88 77
88 55
24 14
24 1
52 46
71 36
71 13
95 93
12 96
12 82
54 36
54 57
5 44
5 49
25 14
25 68
93 74
82 99
82 86
13 92
50 94
42 86
41 83
96 69
68 44
83 21
49 16
23 27
23 16
23 70
3 11
3 84
21 22
92 66
99 15
98 29
98 35
70 85
70 78
20 73
20 51
34 11
34 6
55 73
15 56
11 58