0 1 2 3 4 5 6 7 8 9 10 11 12 13 14 15 17 16 19 18 21 20 23 22 25 24 27 26 32 33 34 35 36 37 38 39 40 41 42 43 44 45 50 52 51 54 53 56 55 58 57 60 59 62 61 67 68 69 28 63 31 66
0 1
0 69
1 2
2 3
3 4
4 5
5 6
6 7
7 8
8 9
9 10
10 11
11 12
12 13
13 14
14 15
15 45
15 50
15 16
17 18
17 16
19 18
19 20
21 22
21 20
23 24
23 22
25 24
25 26
27 26
27 28
32 33
32 31
33 34
34 35
35 36
36 37
37 38
38 39
39 40
40 41
41 42
42 43
43 44
44 45
50 51
52 53
52 51
54 53
54 55
56 55
56 57
58 57
58 59
60 59
60 61
62 61
62 63
67 68
67 66
68 69