0 1 36 95 2 25 15 3 24 4 43 5 22 26 6 13 35 8 18 12 9 30 42 10 40 11 38 20 27 16 31 23 17 19 29 28 32 44 46 47 48 50 52 56 57 58 59 61 62 63 65 67 69 73 74 75 76 78 79 80 82 83 84 85 88 89 92 96 97 98 37
0 1
0 36
0 46
0 47
0 48
0 50
0 52
0 56
0 57
0 58
0 59
0 62
0 63
0 65
0 67
0 69
0 73
0 74
0 75
0 78
0 79
0 80
1 95
1 44
1 82
1 83
1 84
1 85
1 88
1 89
1 92
1 96
1 97
1 98
36 26
36 3
36 76
95 19
2 25
2 15
15 6
3 24
3 4
4 43
5 22
5 26
26 35
6 35
6 13
8 12
8 18
18 19
18 10
12 27
9 42
9 30
42 23
42 32
42 40
10 40
11 38
11 20
38 29
20 17
27 29
16 23
16 31
19 61
19 37
28 32