0 1 4 2 3 5 6 12 8 7 9 11 10 29 91 26 24 25 94 92 15 17 16 18 19 20 86 93 21 52 22 23 31 32 64 36 35 38 61 71 74 85 75 83 90 62 54 88 39 80 13 87 28 42 27 30 34 49 51 56 57 60 63 67 69 73 77 78 79 81 84
0 90
1 5
1 4
1 29
1 62
1 80
1 49
4 2
2 12
2 3
2 94
2 69
3 21
5 9
6 74
6 93
12 11
12 8
8 7
7 38
9 54
9 28
11 10
11 52
11 39
10 31
29 91
91 26
91 13
26 24
24 25
24 71
25 87
94 92
94 23
94 30
92 15
92 51
15 85
17 16
17 18
16 78
18 19
19 86
19 20
19 61
20 35
86 93
21 42
52 22
52 67
22 27
22 56
22 73
23 32
31 57
32 63
32 81
64 36
64 88
64 79
36 35
36 83
35 34
38 90
61 60
71 74
85 75
75 77
83 84