0 44 19 83 81 36 3 31 40 5 62 26 45 6 22 92 54 80 95 88 11 58 97 42 61 12 93 13 30 70 75 16 59 82 94 77 23 18 49 8 51 66 73 25 60 47 68 2 17 21 24 84 35 91 9 34 64 65 79 96
0 26
0 25
44 6
44 47
19 82
19 83
19 84
83 81
81 18
81 36
36 3
3 35
3 34
31 40
31 49
31 2
40 5
5 42
62 12
62 26
26 45
45 6
22 92
22 93
22 91
92 54
54 80
54 9
80 18
80 95
95 23
88 30
88 21
11 58
11 59
11 60
58 97
97 24
42 73
61 12
61 93
13 66
13 64
13 65
30 51
30 70
70 68
75 16
75 59
16 73
59 82
59 66
94 77
94 23
77 17
23 96
18 79
49 8
8 51