3 7 9 10 12 14 16 19 20 22 23 24 25 26 29 30 31 33 34 35 37 39 40 42 43 44 46 47 48 51 54 53 55 58 56 60 59 61 62 67 69 71 70 74 73 72 77 76 80 79 83 82 85 84 87 89 88 92 90 95 94 97 6 18 1 49 63 65 98
3 7
3 1
7 9
7 6
9 10
10 12
12 14
14 16
16 19
16 18
19 20
20 22
22 23
23 24
24 25
25 26
26 29
29 30
30 31
31 33
33 34
34 35
35 37
37 39
39 40
40 42
42 43
43 44
44 46
46 47
47 48
48 51
48 49
51 53
54 53
54 55
55 56
58 56
58 59
60 61
60 59
60 62
61 63
62 67
62 65
67 69
69 70
71 72
71 70
74 73
74 76
73 72
77 76
77 79
80 82
80 79
83 84
83 82
85 84
85 87
87 88
89 90
89 88
92 90
92 94
95 94
95 97
97 98