0 5 10 15 20 25 27 30 32 35 36 37 40 41 42 45 46 47 50 51 52 55 57 60 62 65 70 75 80 85 95 96 7 12 17 22 56 67 72 77 82 87 26 31 61 28 33 38 39 43 44 48 49 53 54 58 63 90 99
0 5
0 95
5 10
5 7
10 15
10 12
15 20
15 17
20 25
20 22
25 27
25 30
27 26
27 28
30 32
30 35
32 31
32 33
35 37
35 40
36 37
36 39
37 38
40 42
40 45
41 42
41 44
42 43
45 47
45 50
46 47
46 49
47 48
50 52
50 55
51 52
51 54
52 53
55 57
55 60
57 56
57 58
60 62
60 65
62 61
62 63
65 70
65 67
70 75
70 72
75 80
75 77
80 85
80 82
85 87
85 90
95 96
96 99