0 1 2 4 8 13 14 15 16 17 18 19 20 21 22 23 24 25 28 30 31 32 33 37 38 39 40 43 46 48 49 51 52 55 56 57 58 62 63 65 66 67 68 69 70 72 73 75 76 77 79 80 83 84 85 87 91 92 93 94 95 96 97 7 35 41 53 54 64 74 81 98
0 1
1 2
1 25
2 19
4 68
8 28
13 63
13 14
14 15
14 51
15 16
16 68
16 57
16 17
17 18
18 19
20 70
20 21
21 22
22 23
24 87
25 33
28 52
30 31
31 32
32 33
37 38
38 39
38 79
38 98
39 70
39 40
40 41
43 84
46 94
46 64
48 49
49 84
52 77
55 56
55 54
56 57
57 79
58 67
58 81
62 63
65 87
65 66
66 67
67 68
67 53
69 73
69 96
72 73
75 76
75 80
75 74
76 77
79 80
79 7
80 93
83 84
84 85
85 97
91 92
92 93
93 94
93 35
94 95
95 96
96 97