0 51 33 2 3 4 95 44 6 43 88 9 52 62 53 66 13 69 14 15 16 76 17 42 80 18 25 26 37 40 55 10 11 59 60 65 74 78 83 86 20 87 70 94 23 5 57 32 79 75 81 98 34 68 35 8 21 19 38 12 39 71 73 77 85 58
0 25
0 26
51 33
51 8
33 2
2 32
3 34
3 35
4 37
4 38
4 39
95 23
95 44
44 6
6 43
43 88
88 21
9 52
9 53
52 62
62 12
53 66
66 13
13 65
69 14
69 76
14 68
15 70
15 71
16 75
16 74
16 73
76 17
17 78
17 77
42 5
42 80
80 18
18 81
18 79
25 65
26 83
37 59
37 78
40 5
40 55
55 10
10 57
11 60
11 59
11 58
59 79
60 75
74 98
83 98
83 19
86 20
86 70
20 87
20 85
87 81
70 94
70 34
94 23
57 32