0 1 26 55 10 4 39 44 6 50 97 85 12 58 11 59 65 13 74 16 77 17 78 2 33 84 90 92 45 95 99 24 29 28 32 37 54 9 53 62 79 27 66 73 64 40 18 20 46 8 19 61 69 38 22 23 52 60 25 56
0 27
0 26
0 25
1 28
1 29
26 55
55 10
55 58
10 56
4 37
4 39
4 38
39 44
44 6
44 50
6 45
50 8
97 85
97 24
85 79
85 29
85 20
12 62
12 61
58 11
58 53
58 99
11 59
11 60
59 65
65 13
13 66
13 64
74 16
74 27
16 73
77 17
77 66
17 78
78 46
2 33
2 32
33 84
84 90
84 19
90 92
92 22
45 62
45 95
95 23
99 24
28 32
37 54
54 9
9 53
9 52
79 18
66 40
73 69