0 2 18 21 20 1 8 11 12 10 25 23 22 32 35 33 34 49 45 44 19 38 24 40 42 47 55 57 89 88 97 96 98 75 79 71 70 27 63 74 83 85 82 84 60 69 7 9 14 29 36 39 46 50 62 64 68 72 92
0 1
0 2
2 18
18 21
21 20
21 22
20 25
20 19
20 63
1 98
8 11
8 7
11 12
12 10
10 25
10 9
25 27
23 22
23 14
22 24
32 35
32 29
35 33
33 34
34 49
34 36
49 45
45 44
45 42
44 19
38 24
38 47
40 42
40 39
47 46
55 57
55 50
57 89
89 88
88 97
88 74
97 96
96 98
75 79
75 60
79 82
79 71
71 70
71 68
70 27
70 69
63 62
74 64
74 72
83 85
83 84
85 82
84 92