2 1 40 46 29 4 5 48 87 6 69 78 47 20 12 83 18 19 31 27 24 81 85 26 51 34 56 97 39 44 49 50 73 54 61 65 22 67 84 88 90 92 93 52 95 36 43 59 77 42 91 75 53 23 74 30 45 71 99 55
2 1
1 19
40 46
40 30
46 83
46 29
46 69
46 90
29 93
29 88
29 4
29 42
4 36
4 43
5 48
48 87
48 71
48 91
48 74
48 23
87 6
6 95
69 78
69 50
78 47
47 53
47 20
20 12
83 81
83 18
19 65
31 27
31 44
24 36
81 55
81 85
85 26
26 51
51 34
34 45
56 97
97 39
39 77
44 59
49 91
73 54
54 93
61 23
65 74
22 67
67 53
67 75
67 92
84 93
84 77
88 52
52 95
43 59
71 99