7 11 12 16 17 20 23 26 30 27 24 29 25 31 28 34 35 36 39 40 42 46 45 47 48 50 53 57 54 61 60 62 66 69 73 75 78 82 79 76 86 87 92 91 22 63 74 3 4 13 15 33 38 41 43 44 49 51 52 55 56 58 59 65 70 85 88 95 97
7 12
7 3
7 4
11 16
11 15
12 17
12 13
16 20
17 22
20 23
23 26
26 25
30 35
30 34
30 31
30 29
27 28
27 24
24 22
29 25
31 28
34 39
34 33
34 38
35 36
35 40
36 41
39 42
40 45
42 46
46 48
46 43
45 47
45 44
47 49
48 50
50 53
53 57
53 52
57 61
57 54
57 62
57 56
57 58
54 51
54 55
61 60
61 66
61 65
60 59
62 63
66 69
66 70
69 73
73 75
75 78
78 82
82 79
82 87
82 86
79 76
76 74
86 91
86 85
87 92
87 88
92 97
91 95