0 2 24 82 1 36 43 3 33 44 4 5 10 42 51 37 7 52 31 9 58 11 28 56 61 14 38 59 15 41 16 55 40 17 20 18 22 19 23 54 32 27 30 50 47 60 49 25 63 65 66 67 68 70 71 72 73 74 75 78 80 81 83 84 85 87 89 90 91 92 93 94 95 96 99 6 35 48 53
0 24
0 2
0 82
0 25
0 66
0 67
0 68
0 70
0 71
0 72
0 74
0 75
0 78
0 80
0 81
0 83
0 84
0 87
0 89
0 90
0 91
0 92
0 93
0 94
0 95
0 96
0 99
2 43
2 63
24 54
24 41
24 32
24 35
82 28
1 36
1 43
3 33
3 44
44 4
44 18
5 10
5 37
5 42
5 51
5 65
42 22
37 30
37 41
37 6
37 53
7 31
7 52
31 17
9 11
9 58
11 56
11 28
56 60
61 40
14 38
14 59
38 27
59 20
59 16
15 41
15 73
16 55
16 40
55 49
40 19
17 20
18 22
23 54
32 85
27 30
30 48
50 49
47 60