0 60 24 27 25 16 30 48 53 97 85 86 20 15 62 91 12 95 46 40 90 99 4 96 94 2 72 84 28 42 22 68 70 88 31 52 17 8 92 75 87 29 51 77 13 64 83 41 1 45 6 71 63 7 65 21 59 69 55 81 26 78 11 44 19 74 76
0 64
60 40
60 84
60 24
24 6
24 85
24 17
24 76
27 12
27 29
25 13
25 7
25 19
16 8
30 1
48 22
53 42
97 21
97 40
85 31
85 69
86 29
20 1
20 72
20 91
15 99
15 52
15 22
62 87
62 70
62 42
12 63
12 31
95 41
95 63
46 88
46 70
46 90
46 96
99 94
4 72
4 7
94 77
2 84
84 11
28 51
28 41
68 92
68 87
31 92
31 74
52 45
17 13
17 81
8 83
92 65
92 75
75 59
51 71
77 64
13 44
83 65
45 7
45 78
6 55
6 26