0 20 10 66 82 1 9 92 2 24 4 7 47 23 46 5 30 41 45 6 55 8 13 35 33 36 17 11 12 54 16 21 14 27 18 48 19 50 43 31 42 52 37 39 44 57 59 60 62 67 69 70 71 75 76 85 86 88 90 91 3 15
0 20
0 10
0 66
0 82
0 57
0 59
0 60
0 62
0 67
0 70
0 71
0 75
0 76
0 85
0 86
0 88
0 90
0 91
20 24
20 11
20 69
20 3
10 17
66 16
82 45
1 92
9 36
92 2
2 24
4 47
4 7
4 46
7 5
23 43
46 19
46 6
5 45
5 30
5 41
6 55
55 44
8 35
8 33
13 21
13 16
35 18
33 17
33 36
17 12
12 54
12 15
54 42
16 27
21 50
21 14
18 48
48 37
43 42
31 42
42 39
52 44