1 2 3 4 5 6 7 8 0 10 12 20 11 22 23 24 27 29 21 33 34 48 43 42 49 53 52 51 50 59 77 79 80 84 94 96 97 98 99 89 93 92 91 17 39 32 69 70 60 90 88 47 35 54 74 86 66 9 13 16 18 25 26 31 44 41 40 61 30 62
1 0
1 11
1 2
2 12
2 3
3 4
4 5
5 6
6 7
6 16
7 8
7 17
8 9
8 18
0 10
10 20
12 13
20 30
11 22
22 21
22 23
22 33
22 32
23 24
24 25
27 17
27 29
27 26
29 39
21 31
33 34
33 43
34 35
48 49
48 47
43 44
42 52
42 32
42 41
49 59
49 39
53 52
53 54
52 51
52 62
51 50
51 61
50 60
50 40
59 69
77 88
77 66
79 89
79 69
80 70
80 90
84 94
84 74
94 93
96 97
96 86
97 98
98 99
98 88
99 89
93 92
92 91
91 90
70 60