0 1 2 3 4 5 6 7 9 10 11 12 13 14 15 16 17 18 19 20 21 22 23 24 25 26 27 28 29 30 31 32 34 37 43 44 45 46 47 51 52 54 56 57 60 66 67 69 71 73 74 75 79 80 85 88 89 92 94 33 35 36 53 59 61 62 63 64 70 72 81 82 95
0 34
0 7
0 23
0 18
0 33
1 22
1 15
1 27
1 35
2 37
2 5
3 27
4 13
4 22
4 20
5 44
5 19
5 43
6 45
6 30
6 46
7 47
9 51
9 52
9 25
10 14
10 54
10 53
11 56
11 16
12 57
12 19
12 15
13 60
14 26
14 18
14 31
14 61
14 62
15 29
15 63
15 64
16 66
17 21
17 67
18 69
18 70
19 71
19 24
19 72
20 73
20 74
21 75
23 80
23 79
24 28
24 25
24 81
24 82
26 85
26 32
27 88
28 89
29 92
30 94
31 95
34 36
45 47
54 56
57 59
69 71
73 75