0 7 8 16 43 17 9 1 3 21 15 10 12 11 13 51 18 28 57 58 59 60 20 23 24 30 38 35 34 40 48 47 56 25 64 74 71 69 72 76 77 80 78 82 81 90 14 32 42 67 88 2 61 27 22 29 37 33 36 49 53 54 62 66 68 79 84 87 93 97
0 1
0 7
7 8
8 32
16 43
16 37
43 17
43 38
17 21
17 9
9 2
1 3
3 14
21 15
21 28
21 29
15 10
15 12
10 13
12 11
11 33
13 51
51 18
18 25
28 57
28 22
57 56
57 58
58 59
58 30
58 74
59 60
60 72
60 69
60 64
60 61
20 23
20 27
23 24
24 14
30 80
38 35
38 48
35 34
35 32
34 40
40 42
40 36
48 47
48 49
47 82
56 53
56 62
25 54
64 88
64 66
74 71
74 79
71 67
69 90
69 68
72 76
76 77
77 93
80 78
78 87
82 81
81 84
90 97