0 9 36 39 49 75 91 92 97 1 10 12 53 73 74 85 94 96 2 7 19 28 30 40 48 54 59 62 78 83 47 81 84 4 5 51 56 23 43 50 22 32 45 70 31 52 89 16 11 61 93 21 87 42 95 24 67 68 65 64 27 77 79 20 6 46 76 33 69 55 90 17 71
0 36
9 4
9 11
36 1
39 93
39 11
39 56
39 17
49 67
49 40
75 24
75 5
91 81
92 96
97 85
1 74
10 21
10 23
10 73
10 96
12 42
12 4
12 28
12 95
12 69
53 78
53 85
74 68
85 70
94 52
94 84
2 7
7 31
19 42
28 48
28 33
28 55
30 83
30 65
30 47
40 61
48 21
48 79
54 42
54 76
59 93
59 5
59 27
59 77
59 20
62 43
62 52
78 16
83 81
47 32
81 22
84 87
51 16
56 89
56 70
56 71
23 50
22 89
22 6
32 45
31 24
89 46
61 65
93 64
21 68
87 67
42 90