0 1 2 3 6 7 10 11 12 14 15 16 17 19 20 23 24 25 26 28 29 31 32 35 36 40 41 42 43 44 45 46 47 50 52 57 59 60 63 66 67 68 70 71 74 75 78 79 81 83 85 87 88 89 4 9 13 22 33 38 61 64 69 73 76 77 80 86 90 91
0 31
1 25
1 23
2 75
2 29
3 71
3 20
3 4
6 10
7 20
7 80
10 87
11 36
11 40
11 90
12 57
12 79
14 19
14 25
14 70
15 66
16 59
16 52
17 46
19 60
20 46
20 73
23 50
24 75
24 32
26 36
26 42
28 71
29 89
29 69
31 81
31 74
32 81
35 74
35 79
36 85
41 63
42 75
42 13
43 79
44 78
45 63
45 79
46 85
46 67
46 33
47 85
47 52
47 88
52 68
60 75
66 83
67 38
67 77
68 76
71 78
75 9
81 64
83 88
83 86
83 91
87 88
87 22
88 61