0 1 2 3 4 5 6 7 8 9 10 11 12 13 14 15 16 17 18 19 20 21 22 24 25 26 27 28 29 30 31 32 33 42 44 46 48 49 50 52 54 56 57 59 61 62 63 68 70 72 74 76 77 78 83 87 88 91 93 96 23 37 38 39 41 43 53 60 65 75 81 84
0 33
0 3
1 17
2 30
2 5
2 37
2 38
3 14
3 39
4 16
4 25
4 42
4 41
5 44
5 13
5 23
5 43
6 46
6 21
7 48
7 22
8 49
8 50
9 52
9 14
10 54
10 25
10 53
11 56
12 17
12 57
12 19
12 27
13 59
13 60
14 61
14 16
14 62
15 63
15 29
16 65
17 24
17 68
18 70
19 72
20 74
20 28
21 76
21 26
21 75
22 78
22 31
22 77
25 26
25 83
25 84
27 87
27 88
27 32
29 91
30 93
31 96
42 44
46 48
50 52
54 56
57 59
61 63
70 72
74 76
83 81