0 10 13 12 14 73 63 15 19 91 21 35 76 22 97 24 36 29 34 61 39 38 89 44 32 70 48 51 65 80 58 74 92 79 83 81 60 93 96 87 1 56 45 49 43 88 67 82 57 85 78 8 54 94 23 31 28 64 27 75 40 17 86 33 30 72 2 62
0 91
0 10
10 13
13 12
13 88
12 32
14 73
14 61
73 63
63 15
19 94
21 89
35 65
35 76
76 22
22 97
97 24
97 74
24 54
24 36
36 56
36 29
29 27
29 30
29 31
34 60
34 75
61 28
61 39
39 38
38 56
89 44
89 43
89 23
44 33
32 87
32 70
70 78
70 48
70 80
51 43
80 58
74 2
92 79
79 85
79 17
83 96
81 64
81 94
81 78
60 1
93 8
96 54
87 27
56 72
45 49
49 43
43 94
88 67
67 82
82 75
82 57
57 85
8 62
8 64
75 40
40 86