0 5 16 26 27 1 21 29 2 9 3 31 7 35 36 4 11 38 39 12 41 42 6 43 46 47 8 14 50 10 52 56 22 58 60 17 62 63 13 66 69 15 19 23 71 75 76 77 78 18 81 82 20 24 85 86 90 92 94 99 25 40 51 53 54 55 57 61 72 83 84 91
0 27
0 26
0 25
5 41
5 42
5 40
16 75
26 29
27 56
1 29
21 90
29 35
2 31
9 52
9 53
9 54
3 36
3 35
31 63
7 46
7 47
36 38
4 38
4 39
11 58
11 60
39 90
39 47
39 75
12 62
12 63
12 61
41 99
42 76
6 43
43 85
46 66
46 81
8 50
8 51
14 69
50 77
10 56
10 55
10 57
52 86
52 76
52 58
56 77
56 72
22 92
22 91
60 94
17 76
17 78
62 78
63 71
13 66
69 71
15 71
19 82
19 83
19 84
23 94
76 82
77 92
78 92
18 81
20 85
20 86
24 99